2022-04-21 19:31:12,730 |     INFO | Program starting in cluster-mode
2022-04-21 19:31:12,730 |     INFO | STARTING PROGRAM
2022-04-21 19:31:12,731 |     INFO | Selected parameters:
2022-04-21 19:31:12,731 |     INFO | epochs=30
2022-04-21 19:31:12,731 |     INFO | dimension=28
2022-04-21 19:31:12,731 |     INFO | processing_mode=gray-scale
2022-04-21 19:31:12,731 |     INFO | tqdm_mode=False
2022-04-21 19:31:12,734 |  WARNING | ./data/raw-cleaned already exists
2022-04-21 19:31:12,736 |  WARNING | ./data/raw-cleaned-standardised already exists
2022-04-21 19:31:12,737 |  WARNING | ./data/training-data already exists
2022-04-21 19:31:12,738 |  WARNING | ./data/training-data-standardised already exists
2022-04-21 19:31:12,740 |  WARNING | ./data/test-data already exists
2022-04-21 19:31:12,741 |  WARNING | ./data/test-data-standardised already exists
2022-04-21 19:31:12,741 |  WARNING | ./out already exists
2022-04-21 19:31:12,743 |     INFO | Created folder ./out/tsne
2022-04-21 19:31:12,744 |     INFO | Created folder ./out/tsne/CovAE
2022-04-21 19:31:12,745 |     INFO | Created folder ./out/tsne/CovAE/otsu/
2022-04-21 19:31:12,745 |     INFO | Created folder ./out/tsne/CovAE/gray-scale/
2022-04-21 19:31:12,805 |     INFO | total files found in ypsilon:461
2022-04-21 19:31:12,805 |     INFO | total training files in ypsilon:415
2022-04-21 19:31:12,805 |     INFO | total testing files in ypsilon:46
2022-04-21 19:31:15,735 |     INFO | total files found in lambda:456
2022-04-21 19:31:15,735 |     INFO | total training files in lambda:411
2022-04-21 19:31:15,736 |     INFO | total testing files in lambda:45
2022-04-21 19:31:18,393 |     INFO | total files found in zeta:34
2022-04-21 19:31:18,393 |     INFO | total training files in zeta:31
2022-04-21 19:31:18,393 |     INFO | total testing files in zeta:3
2022-04-21 19:31:18,688 |     INFO | total files found in eta:440
2022-04-21 19:31:18,689 |     INFO | total training files in eta:396
2022-04-21 19:31:18,692 |     INFO | total testing files in eta:44
2022-04-21 19:31:21,635 |     INFO | total files found in pi:415
2022-04-21 19:31:21,638 |     INFO | total training files in pi:374
2022-04-21 19:31:21,638 |     INFO | total testing files in pi:41
2022-04-21 19:31:27,087 |     INFO | total files found in delta:272
2022-04-21 19:31:27,088 |     INFO | total training files in delta:245
2022-04-21 19:31:27,088 |     INFO | total testing files in delta:27
2022-04-21 19:31:37,618 |     INFO | total files found in epsilon:1223
2022-04-21 19:31:37,619 |     INFO | total training files in epsilon:1101
2022-04-21 19:31:37,619 |     INFO | total testing files in epsilon:122
2022-04-21 19:31:45,591 |     INFO | total files found in phi:143
2022-04-21 19:31:45,592 |     INFO | total training files in phi:129
2022-04-21 19:31:45,592 |     INFO | total testing files in phi:14
2022-04-21 19:31:47,178 |     INFO | total files found in beta:69
2022-04-21 19:31:47,178 |     INFO | total training files in beta:63
2022-04-21 19:31:47,178 |     INFO | total testing files in beta:6
2022-04-21 19:31:47,751 |     INFO | total files found in xi:38
2022-04-21 19:31:47,752 |     INFO | total training files in xi:35
2022-04-21 19:31:47,752 |     INFO | total testing files in xi:3
2022-04-21 19:31:48,067 |     INFO | total files found in theta:218
2022-04-21 19:31:48,068 |     INFO | total training files in theta:197
2022-04-21 19:31:48,068 |     INFO | total testing files in theta:21
2022-04-21 19:31:56,861 |     INFO | total files found in alpha:1137
2022-04-21 19:31:56,862 |     INFO | total training files in alpha:1024
2022-04-21 19:31:56,862 |     INFO | total testing files in alpha:113
2022-04-21 19:32:04,740 |     INFO | total files found in sigma:867
2022-04-21 19:32:04,740 |     INFO | total training files in sigma:781
2022-04-21 19:32:04,740 |     INFO | total testing files in sigma:86
2022-04-21 19:32:09,402 |     INFO | total files found in chi:162
2022-04-21 19:32:09,403 |     INFO | total training files in chi:146
2022-04-21 19:32:09,406 |     INFO | total testing files in chi:16
2022-04-21 19:32:10,429 |     INFO | total files found in tau:725
2022-04-21 19:32:10,429 |     INFO | total training files in tau:653
2022-04-21 19:32:10,430 |     INFO | total testing files in tau:72
2022-04-21 19:32:16,162 |     INFO | total files found in gamma:176
2022-04-21 19:32:16,162 |     INFO | total training files in gamma:159
2022-04-21 19:32:16,163 |     INFO | total testing files in gamma:17
2022-04-21 19:32:17,453 |     INFO | total files found in nu:937
2022-04-21 19:32:17,453 |     INFO | total training files in nu:844
2022-04-21 19:32:17,453 |     INFO | total testing files in nu:93
2022-04-21 19:32:24,101 |     INFO | total files found in omega:320
2022-04-21 19:32:24,101 |     INFO | total training files in omega:288
2022-04-21 19:32:24,101 |     INFO | total testing files in omega:32
2022-04-21 19:32:26,079 |     INFO | total files found in kappa:363
2022-04-21 19:32:26,080 |     INFO | total training files in kappa:327
2022-04-21 19:32:26,080 |     INFO | total testing files in kappa:36
2022-04-21 19:32:28,491 |     INFO | total files found in iota:1247
2022-04-21 19:32:28,491 |     INFO | total training files in iota:1123
2022-04-21 19:32:28,492 |     INFO | total testing files in iota:124
2022-04-21 19:32:36,154 |     INFO | total files found in mu:391
2022-04-21 19:32:36,155 |     INFO | total training files in mu:352
2022-04-21 19:32:36,155 |     INFO | total testing files in mu:39
2022-04-21 19:32:38,483 |     INFO | total files found in omicorn:1203
2022-04-21 19:32:38,484 |     INFO | total training files in omicorn:1083
2022-04-21 19:32:38,484 |     INFO | total testing files in omicorn:120
2022-04-21 19:32:47,236 |     INFO | total files found in psi:15
2022-04-21 19:32:47,236 |     INFO | total training files in psi:14
2022-04-21 19:32:47,237 |     INFO | total testing files in psi:1
2022-04-21 19:32:47,389 |     INFO | total files found in rho:543
2022-04-21 19:32:47,389 |     INFO | total training files in rho:489
2022-04-21 19:32:47,390 |     INFO | total testing files in rho:54
2022-04-21 19:32:51,523 |     INFO | total files found:11855
2022-04-21 19:32:51,523 |     INFO | total training files:10680
2022-04-21 19:32:51,523 |     INFO | total testing files:1175
