2022-05-13 12:37:25,214 |     INFO | Program starting in cluster-mode
2022-05-13 12:37:25,214 |     INFO | STARTING PROGRAM
2022-05-13 12:37:25,214 |     INFO | Selected parameters:
2022-05-13 12:37:25,214 |     INFO | {'name': 'cluster_1000_gpu', 'name_time': 'cluster_1000_gpu-13-05-2022-12-37-25', 'train': True, 'model': './models/models-autoencodergray-scale.pth', 'letters': ['alpha', 'beta', 'chi', 'delta', 'epsilon', 'eta', 'gamma', 'iota', 'kappa', 'lambda', 'mu', 'nu', 'omega', 'omicron', 'phi', 'pi', 'psi', 'rho', 'sigma', 'tau', 'theta', 'xi', 'ypsilon', 'zeta'], 'logging': 40, 'mode': 'cluster', 'batch_size': 512, 'epochs': 1000, 'dimensions': 28, 'tqdm': False, 'processing': 'gray-scale', 'root': 'out/cluster_1000_gpu-13-05-2022-12-37-25'}
2022-05-13 12:37:25,214 |     INFO | Adjusted dim to %4=0 224
2022-05-13 12:37:25,264 |     INFO | torch.cuda.is_available()=True
2022-05-13 12:37:40,757 |     INFO | len(_trainset)=7113
2022-05-13 12:37:40,761 |     INFO | len(_validset)=2371
2022-05-13 12:37:40,761 |     INFO | len(_testset)=2371
2022-05-13 12:37:40,960 |     INFO | ConvAutoEncoder(
  (encoder): Sequential(
    (0): Conv2d(1, 16, kernel_size=(5, 5), stride=(1, 1), padding=(2, 2))
    (1): BatchNorm2d(16, eps=1e-05, momentum=0.1, affine=True, track_running_stats=True)
    (2): ReLU()
    (3): MaxPool2d(kernel_size=2, stride=2, padding=0, dilation=1, ceil_mode=False)
    (4): Conv2d(16, 32, kernel_size=(5, 5), stride=(1, 1), padding=(2, 2))
    (5): BatchNorm2d(32, eps=1e-05, momentum=0.1, affine=True, track_running_stats=True)
    (6): ReLU()
    (7): MaxPool2d(kernel_size=2, stride=2, padding=0, dilation=1, ceil_mode=False)
    (8): Conv2d(32, 4, kernel_size=(3, 3), stride=(1, 1), padding=(1, 1))
    (9): BatchNorm2d(4, eps=1e-05, momentum=0.1, affine=True, track_running_stats=True)
    (10): ReLU()
  )
  (decoder): Sequential(
    (0): Conv2d(4, 32, kernel_size=(3, 3), stride=(1, 1), padding=(1, 1))
    (1): BatchNorm2d(32, eps=1e-05, momentum=0.1, affine=True, track_running_stats=True)
    (2): ReLU()
    (3): Upsample(scale_factor=2.0, mode=nearest)
    (4): Conv2d(32, 16, kernel_size=(5, 5), stride=(1, 1), padding=(2, 2))
    (5): BatchNorm2d(16, eps=1e-05, momentum=0.1, affine=True, track_running_stats=True)
    (6): ReLU()
    (7): Upsample(scale_factor=2.0, mode=nearest)
    (8): Conv2d(16, 1, kernel_size=(5, 5), stride=(1, 1), padding=(2, 2))
    (9): BatchNorm2d(1, eps=1e-05, momentum=0.1, affine=True, track_running_stats=True)
    (10): Sigmoid()
  )
)
2022-05-13 12:37:53,072 |     INFO | Epoch=0 done.
2022-05-13 12:38:03,082 |     INFO | Epoch=1 done.
2022-05-13 12:38:13,254 |     INFO | Epoch=2 done.
2022-05-13 12:38:23,274 |     INFO | Epoch=3 done.
2022-05-13 12:38:33,327 |     INFO | Epoch=4 done.
2022-05-13 12:38:43,577 |     INFO | Epoch=5 done.
2022-05-13 12:38:53,685 |     INFO | Epoch=6 done.
2022-05-13 12:39:03,773 |     INFO | Epoch=7 done.
2022-05-13 12:39:13,921 |     INFO | Epoch=8 done.
2022-05-13 12:39:24,218 |     INFO | Epoch=9 done.
2022-05-13 12:39:34,358 |     INFO | Epoch=10 done.
2022-05-13 12:39:44,505 |     INFO | Epoch=11 done.
2022-05-13 12:39:54,822 |     INFO | Epoch=12 done.
2022-05-13 12:40:04,977 |     INFO | Epoch=13 done.
2022-05-13 12:40:15,129 |     INFO | Epoch=14 done.
2022-05-13 12:40:25,490 |     INFO | Epoch=15 done.
2022-05-13 12:40:35,674 |     INFO | Epoch=16 done.
2022-05-13 12:40:45,871 |     INFO | Epoch=17 done.
2022-05-13 12:40:56,239 |     INFO | Epoch=18 done.
2022-05-13 12:41:06,382 |     INFO | Epoch=19 done.
2022-05-13 12:41:16,584 |     INFO | Epoch=20 done.
2022-05-13 12:41:26,804 |     INFO | Epoch=21 done.
2022-05-13 12:41:37,251 |     INFO | Epoch=22 done.
2022-05-13 12:41:47,421 |     INFO | Epoch=23 done.
2022-05-13 12:41:57,580 |     INFO | Epoch=24 done.
2022-05-13 12:42:07,940 |     INFO | Epoch=25 done.
2022-05-13 12:42:18,131 |     INFO | Epoch=26 done.
2022-05-13 12:42:28,494 |     INFO | Epoch=27 done.
2022-05-13 12:42:38,864 |     INFO | Epoch=28 done.
2022-05-13 12:42:49,035 |     INFO | Epoch=29 done.
2022-05-13 12:42:59,254 |     INFO | Epoch=30 done.
2022-05-13 12:43:09,639 |     INFO | Epoch=31 done.
2022-05-13 12:43:19,879 |     INFO | Epoch=32 done.
2022-05-13 12:43:30,085 |     INFO | Epoch=33 done.
2022-05-13 12:43:40,300 |     INFO | Epoch=34 done.
2022-05-13 12:43:50,754 |     INFO | Epoch=35 done.
2022-05-13 12:44:00,983 |     INFO | Epoch=36 done.
2022-05-13 12:44:11,190 |     INFO | Epoch=37 done.
2022-05-13 12:44:21,555 |     INFO | Epoch=38 done.
2022-05-13 12:44:31,749 |     INFO | Epoch=39 done.
2022-05-13 12:44:41,991 |     INFO | Epoch=40 done.
2022-05-13 12:44:52,436 |     INFO | Epoch=41 done.
2022-05-13 12:45:02,658 |     INFO | Epoch=42 done.
2022-05-13 12:45:12,889 |     INFO | Epoch=43 done.
2022-05-13 12:45:23,294 |     INFO | Epoch=44 done.
2022-05-13 12:45:33,521 |     INFO | Epoch=45 done.
2022-05-13 12:45:43,782 |     INFO | Epoch=46 done.
2022-05-13 12:45:54,018 |     INFO | Epoch=47 done.
2022-05-13 12:46:04,409 |     INFO | Epoch=48 done.
2022-05-13 12:46:14,597 |     INFO | Epoch=49 done.
2022-05-13 12:46:24,917 |     INFO | Epoch=50 done.
2022-05-13 12:46:35,398 |     INFO | Epoch=51 done.
2022-05-13 12:46:45,637 |     INFO | Epoch=52 done.
2022-05-13 12:46:55,854 |     INFO | Epoch=53 done.
2022-05-13 12:47:06,217 |     INFO | Epoch=54 done.
2022-05-13 12:47:16,759 |     INFO | Epoch=55 done.
2022-05-13 12:47:27,147 |     INFO | Epoch=56 done.
2022-05-13 12:47:37,538 |     INFO | Epoch=57 done.
2022-05-13 12:47:47,730 |     INFO | Epoch=58 done.
2022-05-13 12:47:57,914 |     INFO | Epoch=59 done.
2022-05-13 12:48:08,170 |     INFO | Epoch=60 done.
2022-05-13 12:48:18,655 |     INFO | Epoch=61 done.
2022-05-13 12:48:28,855 |     INFO | Epoch=62 done.
2022-05-13 12:48:39,044 |     INFO | Epoch=63 done.
2022-05-13 12:48:49,381 |     INFO | Epoch=64 done.
2022-05-13 12:48:59,615 |     INFO | Epoch=65 done.
2022-05-13 12:49:09,863 |     INFO | Epoch=66 done.
2022-05-13 12:49:20,252 |     INFO | Epoch=67 done.
2022-05-13 12:49:30,458 |     INFO | Epoch=68 done.
2022-05-13 12:49:40,676 |     INFO | Epoch=69 done.
2022-05-13 12:49:51,071 |     INFO | Epoch=70 done.
2022-05-13 12:50:01,288 |     INFO | Epoch=71 done.
2022-05-13 12:50:11,488 |     INFO | Epoch=72 done.
2022-05-13 12:50:21,699 |     INFO | Epoch=73 done.
2022-05-13 12:50:32,129 |     INFO | Epoch=74 done.
2022-05-13 12:50:42,403 |     INFO | Epoch=75 done.
2022-05-13 12:50:52,645 |     INFO | Epoch=76 done.
2022-05-13 12:51:03,013 |     INFO | Epoch=77 done.
2022-05-13 12:51:13,186 |     INFO | Epoch=78 done.
2022-05-13 12:51:23,419 |     INFO | Epoch=79 done.
2022-05-13 12:51:33,868 |     INFO | Epoch=80 done.
2022-05-13 12:51:44,078 |     INFO | Epoch=81 done.
2022-05-13 12:51:54,279 |     INFO | Epoch=82 done.
2022-05-13 12:52:04,621 |     INFO | Epoch=83 done.
2022-05-13 12:52:14,822 |     INFO | Epoch=84 done.
2022-05-13 12:52:25,105 |     INFO | Epoch=85 done.
2022-05-13 12:52:35,390 |     INFO | Epoch=86 done.
2022-05-13 12:52:45,837 |     INFO | Epoch=87 done.
2022-05-13 12:52:56,105 |     INFO | Epoch=88 done.
2022-05-13 12:53:06,325 |     INFO | Epoch=89 done.
2022-05-13 12:53:16,858 |     INFO | Epoch=90 done.
2022-05-13 12:53:27,105 |     INFO | Epoch=91 done.
2022-05-13 12:53:37,355 |     INFO | Epoch=92 done.
2022-05-13 12:53:47,729 |     INFO | Epoch=93 done.
2022-05-13 12:53:57,931 |     INFO | Epoch=94 done.
2022-05-13 12:54:08,197 |     INFO | Epoch=95 done.
2022-05-13 12:54:18,615 |     INFO | Epoch=96 done.
2022-05-13 12:54:28,803 |     INFO | Epoch=97 done.
2022-05-13 12:54:38,997 |     INFO | Epoch=98 done.
2022-05-13 12:54:49,211 |     INFO | Epoch=99 done.
2022-05-13 12:54:59,671 |     INFO | Epoch=100 done.
2022-05-13 12:55:09,881 |     INFO | Epoch=101 done.
2022-05-13 12:55:20,079 |     INFO | Epoch=102 done.
2022-05-13 12:55:30,424 |     INFO | Epoch=103 done.
2022-05-13 12:55:40,622 |     INFO | Epoch=104 done.
2022-05-13 12:55:50,869 |     INFO | Epoch=105 done.
2022-05-13 12:56:01,295 |     INFO | Epoch=106 done.
2022-05-13 12:56:11,483 |     INFO | Epoch=107 done.
2022-05-13 12:56:21,674 |     INFO | Epoch=108 done.
2022-05-13 12:56:32,080 |     INFO | Epoch=109 done.
2022-05-13 12:56:42,368 |     INFO | Epoch=110 done.
2022-05-13 12:56:52,643 |     INFO | Epoch=111 done.
2022-05-13 12:57:02,891 |     INFO | Epoch=112 done.
2022-05-13 12:57:13,292 |     INFO | Epoch=113 done.
2022-05-13 12:57:23,563 |     INFO | Epoch=114 done.
2022-05-13 12:57:33,831 |     INFO | Epoch=115 done.
2022-05-13 12:57:44,259 |     INFO | Epoch=116 done.
2022-05-13 12:57:54,505 |     INFO | Epoch=117 done.
2022-05-13 12:58:04,740 |     INFO | Epoch=118 done.
2022-05-13 12:58:15,177 |     INFO | Epoch=119 done.
2022-05-13 12:58:25,420 |     INFO | Epoch=120 done.
2022-05-13 12:58:35,835 |     INFO | Epoch=121 done.
2022-05-13 12:58:46,289 |     INFO | Epoch=122 done.
2022-05-13 12:58:56,554 |     INFO | Epoch=123 done.
2022-05-13 12:59:06,833 |     INFO | Epoch=124 done.
2022-05-13 12:59:17,144 |     INFO | Epoch=125 done.
2022-05-13 12:59:27,576 |     INFO | Epoch=126 done.
2022-05-13 12:59:37,955 |     INFO | Epoch=127 done.
2022-05-13 12:59:48,416 |     INFO | Epoch=128 done.
2022-05-13 12:59:59,206 |     INFO | Epoch=129 done.
2022-05-13 13:00:09,698 |     INFO | Epoch=130 done.
2022-05-13 13:00:20,170 |     INFO | Epoch=131 done.
2022-05-13 13:00:30,588 |     INFO | Epoch=132 done.
2022-05-13 13:00:40,817 |     INFO | Epoch=133 done.
2022-05-13 13:00:51,060 |     INFO | Epoch=134 done.
2022-05-13 13:01:01,438 |     INFO | Epoch=135 done.
2022-05-13 13:01:11,679 |     INFO | Epoch=136 done.
2022-05-13 13:01:21,924 |     INFO | Epoch=137 done.
2022-05-13 13:01:32,188 |     INFO | Epoch=138 done.
2022-05-13 13:01:42,622 |     INFO | Epoch=139 done.
2022-05-13 13:01:52,854 |     INFO | Epoch=140 done.
2022-05-13 13:02:03,094 |     INFO | Epoch=141 done.
2022-05-13 13:02:13,470 |     INFO | Epoch=142 done.
2022-05-13 13:02:23,697 |     INFO | Epoch=143 done.
2022-05-13 13:02:33,908 |     INFO | Epoch=144 done.
2022-05-13 13:02:44,288 |     INFO | Epoch=145 done.
2022-05-13 13:02:54,514 |     INFO | Epoch=146 done.
2022-05-13 13:03:04,739 |     INFO | Epoch=147 done.
2022-05-13 13:03:15,175 |     INFO | Epoch=148 done.
2022-05-13 13:03:25,356 |     INFO | Epoch=149 done.
2022-05-13 13:03:35,554 |     INFO | Epoch=150 done.
2022-05-13 13:03:45,792 |     INFO | Epoch=151 done.
2022-05-13 13:03:56,191 |     INFO | Epoch=152 done.
2022-05-13 13:04:06,430 |     INFO | Epoch=153 done.
2022-05-13 13:04:16,604 |     INFO | Epoch=154 done.
2022-05-13 13:04:26,959 |     INFO | Epoch=155 done.
2022-05-13 13:04:37,185 |     INFO | Epoch=156 done.
2022-05-13 13:04:47,422 |     INFO | Epoch=157 done.
2022-05-13 13:04:57,829 |     INFO | Epoch=158 done.
2022-05-13 13:05:07,988 |     INFO | Epoch=159 done.
2022-05-13 13:05:18,163 |     INFO | Epoch=160 done.
2022-05-13 13:05:28,542 |     INFO | Epoch=161 done.
2022-05-13 13:05:38,768 |     INFO | Epoch=162 done.
2022-05-13 13:05:48,961 |     INFO | Epoch=163 done.
2022-05-13 13:05:59,151 |     INFO | Epoch=164 done.
2022-05-13 13:06:09,574 |     INFO | Epoch=165 done.
2022-05-13 13:06:19,769 |     INFO | Epoch=166 done.
2022-05-13 13:06:30,011 |     INFO | Epoch=167 done.
2022-05-13 13:06:40,451 |     INFO | Epoch=168 done.
2022-05-13 13:06:50,655 |     INFO | Epoch=169 done.
2022-05-13 13:07:00,867 |     INFO | Epoch=170 done.
2022-05-13 13:07:11,225 |     INFO | Epoch=171 done.
2022-05-13 13:07:21,508 |     INFO | Epoch=172 done.
2022-05-13 13:07:31,774 |     INFO | Epoch=173 done.
2022-05-13 13:07:42,154 |     INFO | Epoch=174 done.
2022-05-13 13:07:52,362 |     INFO | Epoch=175 done.
2022-05-13 13:08:02,564 |     INFO | Epoch=176 done.
2022-05-13 13:08:12,855 |     INFO | Epoch=177 done.
2022-05-13 13:08:23,301 |     INFO | Epoch=178 done.
2022-05-13 13:08:33,498 |     INFO | Epoch=179 done.
2022-05-13 13:08:43,690 |     INFO | Epoch=180 done.
2022-05-13 13:08:54,038 |     INFO | Epoch=181 done.
2022-05-13 13:09:04,299 |     INFO | Epoch=182 done.
2022-05-13 13:09:14,526 |     INFO | Epoch=183 done.
2022-05-13 13:09:24,909 |     INFO | Epoch=184 done.
2022-05-13 13:09:35,115 |     INFO | Epoch=185 done.
2022-05-13 13:09:45,297 |     INFO | Epoch=186 done.
2022-05-13 13:09:55,771 |     INFO | Epoch=187 done.
2022-05-13 13:10:06,001 |     INFO | Epoch=188 done.
2022-05-13 13:10:16,193 |     INFO | Epoch=189 done.
2022-05-13 13:10:26,393 |     INFO | Epoch=190 done.
2022-05-13 13:10:36,760 |     INFO | Epoch=191 done.
2022-05-13 13:10:47,013 |     INFO | Epoch=192 done.
2022-05-13 13:10:57,232 |     INFO | Epoch=193 done.
2022-05-13 13:11:07,590 |     INFO | Epoch=194 done.
2022-05-13 13:11:17,782 |     INFO | Epoch=195 done.
2022-05-13 13:11:27,977 |     INFO | Epoch=196 done.
2022-05-13 13:11:38,434 |     INFO | Epoch=197 done.
2022-05-13 13:11:48,632 |     INFO | Epoch=198 done.
2022-05-13 13:11:58,793 |     INFO | Epoch=199 done.
2022-05-13 13:12:09,109 |     INFO | Epoch=200 done.
2022-05-13 13:12:19,301 |     INFO | Epoch=201 done.
2022-05-13 13:12:29,556 |     INFO | Epoch=202 done.
2022-05-13 13:12:39,798 |     INFO | Epoch=203 done.
2022-05-13 13:12:50,198 |     INFO | Epoch=204 done.
2022-05-13 13:13:00,422 |     INFO | Epoch=205 done.
2022-05-13 13:13:10,655 |     INFO | Epoch=206 done.
2022-05-13 13:13:21,105 |     INFO | Epoch=207 done.
2022-05-13 13:13:31,338 |     INFO | Epoch=208 done.
2022-05-13 13:13:41,546 |     INFO | Epoch=209 done.
2022-05-13 13:13:51,899 |     INFO | Epoch=210 done.
2022-05-13 13:14:02,143 |     INFO | Epoch=211 done.
2022-05-13 13:14:12,394 |     INFO | Epoch=212 done.
2022-05-13 13:14:22,944 |     INFO | Epoch=213 done.
2022-05-13 13:14:33,392 |     INFO | Epoch=214 done.
2022-05-13 13:14:43,648 |     INFO | Epoch=215 done.
2022-05-13 13:14:53,915 |     INFO | Epoch=216 done.
2022-05-13 13:15:04,329 |     INFO | Epoch=217 done.
2022-05-13 13:15:14,707 |     INFO | Epoch=218 done.
2022-05-13 13:15:24,957 |     INFO | Epoch=219 done.
2022-05-13 13:15:35,325 |     INFO | Epoch=220 done.
2022-05-13 13:15:45,589 |     INFO | Epoch=221 done.
2022-05-13 13:15:55,815 |     INFO | Epoch=222 done.
2022-05-13 13:16:06,228 |     INFO | Epoch=223 done.
2022-05-13 13:16:16,424 |     INFO | Epoch=224 done.
2022-05-13 13:16:26,639 |     INFO | Epoch=225 done.
2022-05-13 13:16:37,039 |     INFO | Epoch=226 done.
2022-05-13 13:16:47,241 |     INFO | Epoch=227 done.
2022-05-13 13:16:57,480 |     INFO | Epoch=228 done.
2022-05-13 13:17:07,690 |     INFO | Epoch=229 done.
2022-05-13 13:17:18,093 |     INFO | Epoch=230 done.
2022-05-13 13:17:28,342 |     INFO | Epoch=231 done.
2022-05-13 13:17:38,563 |     INFO | Epoch=232 done.
2022-05-13 13:17:48,983 |     INFO | Epoch=233 done.
2022-05-13 13:17:59,210 |     INFO | Epoch=234 done.
2022-05-13 13:18:09,451 |     INFO | Epoch=235 done.
2022-05-13 13:18:19,867 |     INFO | Epoch=236 done.
2022-05-13 13:18:30,109 |     INFO | Epoch=237 done.
2022-05-13 13:18:40,336 |     INFO | Epoch=238 done.
2022-05-13 13:18:50,726 |     INFO | Epoch=239 done.
2022-05-13 13:19:00,961 |     INFO | Epoch=240 done.
2022-05-13 13:19:11,153 |     INFO | Epoch=241 done.
2022-05-13 13:19:21,363 |     INFO | Epoch=242 done.
2022-05-13 13:19:31,767 |     INFO | Epoch=243 done.
2022-05-13 13:19:41,974 |     INFO | Epoch=244 done.
2022-05-13 13:19:52,871 |     INFO | Epoch=245 done.
2022-05-13 13:20:03,234 |     INFO | Epoch=246 done.
2022-05-13 13:20:13,416 |     INFO | Epoch=247 done.
2022-05-13 13:20:23,624 |     INFO | Epoch=248 done.
2022-05-13 13:20:33,990 |     INFO | Epoch=249 done.
2022-05-13 13:20:44,219 |     INFO | Epoch=250 done.
2022-05-13 13:20:54,425 |     INFO | Epoch=251 done.
2022-05-13 13:21:04,819 |     INFO | Epoch=252 done.
2022-05-13 13:21:15,027 |     INFO | Epoch=253 done.
2022-05-13 13:21:25,245 |     INFO | Epoch=254 done.
2022-05-13 13:21:35,492 |     INFO | Epoch=255 done.
2022-05-13 13:21:45,867 |     INFO | Epoch=256 done.
2022-05-13 13:21:56,079 |     INFO | Epoch=257 done.
2022-05-13 13:22:06,290 |     INFO | Epoch=258 done.
2022-05-13 13:22:16,656 |     INFO | Epoch=259 done.
2022-05-13 13:22:26,815 |     INFO | Epoch=260 done.
2022-05-13 13:22:36,952 |     INFO | Epoch=261 done.
2022-05-13 13:22:47,265 |     INFO | Epoch=262 done.
2022-05-13 13:22:57,438 |     INFO | Epoch=263 done.
2022-05-13 13:23:07,659 |     INFO | Epoch=264 done.
2022-05-13 13:23:18,059 |     INFO | Epoch=265 done.
2022-05-13 13:23:28,207 |     INFO | Epoch=266 done.
2022-05-13 13:23:38,355 |     INFO | Epoch=267 done.
2022-05-13 13:23:48,525 |     INFO | Epoch=268 done.
2022-05-13 13:23:58,937 |     INFO | Epoch=269 done.
2022-05-13 13:24:09,170 |     INFO | Epoch=270 done.
2022-05-13 13:24:19,330 |     INFO | Epoch=271 done.
2022-05-13 13:24:29,658 |     INFO | Epoch=272 done.
2022-05-13 13:24:39,813 |     INFO | Epoch=273 done.
2022-05-13 13:24:50,040 |     INFO | Epoch=274 done.
2022-05-13 13:25:00,465 |     INFO | Epoch=275 done.
2022-05-13 13:25:10,686 |     INFO | Epoch=276 done.
2022-05-13 13:25:20,843 |     INFO | Epoch=277 done.
2022-05-13 13:25:31,150 |     INFO | Epoch=278 done.
2022-05-13 13:25:41,336 |     INFO | Epoch=279 done.
2022-05-13 13:25:51,550 |     INFO | Epoch=280 done.
2022-05-13 13:26:01,765 |     INFO | Epoch=281 done.
2022-05-13 13:26:12,132 |     INFO | Epoch=282 done.
2022-05-13 13:26:22,268 |     INFO | Epoch=283 done.
2022-05-13 13:26:32,447 |     INFO | Epoch=284 done.
2022-05-13 13:26:42,780 |     INFO | Epoch=285 done.
2022-05-13 13:26:52,982 |     INFO | Epoch=286 done.
2022-05-13 13:27:03,206 |     INFO | Epoch=287 done.
2022-05-13 13:27:13,523 |     INFO | Epoch=288 done.
2022-05-13 13:27:23,694 |     INFO | Epoch=289 done.
2022-05-13 13:27:33,818 |     INFO | Epoch=290 done.
2022-05-13 13:27:44,182 |     INFO | Epoch=291 done.
2022-05-13 13:27:54,369 |     INFO | Epoch=292 done.
2022-05-13 13:28:04,518 |     INFO | Epoch=293 done.
2022-05-13 13:28:14,667 |     INFO | Epoch=294 done.
2022-05-13 13:28:24,986 |     INFO | Epoch=295 done.
2022-05-13 13:28:35,126 |     INFO | Epoch=296 done.
2022-05-13 13:28:45,333 |     INFO | Epoch=297 done.
2022-05-13 13:28:55,684 |     INFO | Epoch=298 done.
2022-05-13 13:29:05,802 |     INFO | Epoch=299 done.
2022-05-13 13:29:15,946 |     INFO | Epoch=300 done.
2022-05-13 13:29:26,257 |     INFO | Epoch=301 done.
2022-05-13 13:29:36,463 |     INFO | Epoch=302 done.
2022-05-13 13:29:46,692 |     INFO | Epoch=303 done.
2022-05-13 13:29:57,039 |     INFO | Epoch=304 done.
2022-05-13 13:30:07,195 |     INFO | Epoch=305 done.
2022-05-13 13:30:17,379 |     INFO | Epoch=306 done.
2022-05-13 13:30:27,591 |     INFO | Epoch=307 done.
2022-05-13 13:30:37,999 |     INFO | Epoch=308 done.
2022-05-13 13:30:48,154 |     INFO | Epoch=309 done.
2022-05-13 13:30:58,300 |     INFO | Epoch=310 done.
2022-05-13 13:31:08,633 |     INFO | Epoch=311 done.
2022-05-13 13:31:18,796 |     INFO | Epoch=312 done.
2022-05-13 13:31:28,997 |     INFO | Epoch=313 done.
2022-05-13 13:31:39,398 |     INFO | Epoch=314 done.
2022-05-13 13:31:49,536 |     INFO | Epoch=315 done.
2022-05-13 13:31:59,698 |     INFO | Epoch=316 done.
2022-05-13 13:32:10,009 |     INFO | Epoch=317 done.
2022-05-13 13:32:20,219 |     INFO | Epoch=318 done.
2022-05-13 13:32:30,426 |     INFO | Epoch=319 done.
2022-05-13 13:32:40,586 |     INFO | Epoch=320 done.
2022-05-13 13:32:50,922 |     INFO | Epoch=321 done.
2022-05-13 13:33:01,073 |     INFO | Epoch=322 done.
2022-05-13 13:33:11,241 |     INFO | Epoch=323 done.
2022-05-13 13:33:21,621 |     INFO | Epoch=324 done.
2022-05-13 13:33:31,829 |     INFO | Epoch=325 done.
2022-05-13 13:33:41,977 |     INFO | Epoch=326 done.
2022-05-13 13:33:52,287 |     INFO | Epoch=327 done.
2022-05-13 13:34:02,431 |     INFO | Epoch=328 done.
2022-05-13 13:34:12,626 |     INFO | Epoch=329 done.
2022-05-13 13:34:23,031 |     INFO | Epoch=330 done.
2022-05-13 13:34:33,198 |     INFO | Epoch=331 done.
2022-05-13 13:34:43,344 |     INFO | Epoch=332 done.
2022-05-13 13:34:53,545 |     INFO | Epoch=333 done.
2022-05-13 13:35:03,866 |     INFO | Epoch=334 done.
2022-05-13 13:35:14,059 |     INFO | Epoch=335 done.
2022-05-13 13:35:24,251 |     INFO | Epoch=336 done.
2022-05-13 13:35:34,494 |     INFO | Epoch=337 done.
2022-05-13 13:35:44,622 |     INFO | Epoch=338 done.
2022-05-13 13:35:54,757 |     INFO | Epoch=339 done.
2022-05-13 13:36:05,141 |     INFO | Epoch=340 done.
2022-05-13 13:36:15,368 |     INFO | Epoch=341 done.
2022-05-13 13:36:25,544 |     INFO | Epoch=342 done.
2022-05-13 13:36:35,864 |     INFO | Epoch=343 done.
2022-05-13 13:36:46,021 |     INFO | Epoch=344 done.
2022-05-13 13:36:56,159 |     INFO | Epoch=345 done.
2022-05-13 13:37:06,355 |     INFO | Epoch=346 done.
2022-05-13 13:37:16,746 |     INFO | Epoch=347 done.
2022-05-13 13:37:26,865 |     INFO | Epoch=348 done.
2022-05-13 13:37:37,016 |     INFO | Epoch=349 done.
2022-05-13 13:37:47,307 |     INFO | Epoch=350 done.
2022-05-13 13:37:57,499 |     INFO | Epoch=351 done.
2022-05-13 13:38:07,694 |     INFO | Epoch=352 done.
2022-05-13 13:38:17,997 |     INFO | Epoch=353 done.
2022-05-13 13:38:28,127 |     INFO | Epoch=354 done.
2022-05-13 13:38:38,273 |     INFO | Epoch=355 done.
2022-05-13 13:38:48,582 |     INFO | Epoch=356 done.
2022-05-13 13:38:58,787 |     INFO | Epoch=357 done.
2022-05-13 13:39:08,983 |     INFO | Epoch=358 done.
2022-05-13 13:39:19,162 |     INFO | Epoch=359 done.
2022-05-13 13:39:29,510 |     INFO | Epoch=360 done.
2022-05-13 13:39:39,675 |     INFO | Epoch=361 done.
2022-05-13 13:39:49,889 |     INFO | Epoch=362 done.
2022-05-13 13:40:00,265 |     INFO | Epoch=363 done.
2022-05-13 13:40:10,439 |     INFO | Epoch=364 done.
2022-05-13 13:40:20,578 |     INFO | Epoch=365 done.
2022-05-13 13:40:30,909 |     INFO | Epoch=366 done.
2022-05-13 13:40:41,096 |     INFO | Epoch=367 done.
2022-05-13 13:40:51,290 |     INFO | Epoch=368 done.
2022-05-13 13:41:01,671 |     INFO | Epoch=369 done.
2022-05-13 13:41:11,777 |     INFO | Epoch=370 done.
2022-05-13 13:41:21,922 |     INFO | Epoch=371 done.
2022-05-13 13:41:32,073 |     INFO | Epoch=372 done.
2022-05-13 13:41:42,457 |     INFO | Epoch=373 done.
2022-05-13 13:41:52,651 |     INFO | Epoch=374 done.
2022-05-13 13:42:02,826 |     INFO | Epoch=375 done.
2022-05-13 13:42:13,137 |     INFO | Epoch=376 done.
2022-05-13 13:42:23,284 |     INFO | Epoch=377 done.
2022-05-13 13:42:33,427 |     INFO | Epoch=378 done.
2022-05-13 13:42:43,804 |     INFO | Epoch=379 done.
2022-05-13 13:42:54,012 |     INFO | Epoch=380 done.
2022-05-13 13:43:04,160 |     INFO | Epoch=381 done.
2022-05-13 13:43:14,478 |     INFO | Epoch=382 done.
2022-05-13 13:43:24,608 |     INFO | Epoch=383 done.
2022-05-13 13:43:34,740 |     INFO | Epoch=384 done.
2022-05-13 13:43:44,945 |     INFO | Epoch=385 done.
2022-05-13 13:43:55,345 |     INFO | Epoch=386 done.
2022-05-13 13:44:05,476 |     INFO | Epoch=387 done.
2022-05-13 13:44:15,604 |     INFO | Epoch=388 done.
2022-05-13 13:44:25,926 |     INFO | Epoch=389 done.
2022-05-13 13:44:36,114 |     INFO | Epoch=390 done.
2022-05-13 13:44:46,317 |     INFO | Epoch=391 done.
2022-05-13 13:44:56,613 |     INFO | Epoch=392 done.
2022-05-13 13:45:06,754 |     INFO | Epoch=393 done.
2022-05-13 13:45:16,908 |     INFO | Epoch=394 done.
2022-05-13 13:45:27,273 |     INFO | Epoch=395 done.
2022-05-13 13:45:37,497 |     INFO | Epoch=396 done.
2022-05-13 13:45:47,645 |     INFO | Epoch=397 done.
2022-05-13 13:45:57,810 |     INFO | Epoch=398 done.
2022-05-13 13:46:08,126 |     INFO | Epoch=399 done.
2022-05-13 13:46:18,281 |     INFO | Epoch=400 done.
2022-05-13 13:46:28,486 |     INFO | Epoch=401 done.
2022-05-13 13:46:38,876 |     INFO | Epoch=402 done.
2022-05-13 13:46:48,994 |     INFO | Epoch=403 done.
2022-05-13 13:46:59,146 |     INFO | Epoch=404 done.
2022-05-13 13:47:09,456 |     INFO | Epoch=405 done.
2022-05-13 13:47:19,683 |     INFO | Epoch=406 done.
2022-05-13 13:47:29,907 |     INFO | Epoch=407 done.
2022-05-13 13:47:40,294 |     INFO | Epoch=408 done.
2022-05-13 13:47:50,441 |     INFO | Epoch=409 done.
2022-05-13 13:48:00,620 |     INFO | Epoch=410 done.
2022-05-13 13:48:10,792 |     INFO | Epoch=411 done.
2022-05-13 13:48:21,172 |     INFO | Epoch=412 done.
2022-05-13 13:48:31,374 |     INFO | Epoch=413 done.
2022-05-13 13:48:41,514 |     INFO | Epoch=414 done.
2022-05-13 13:48:51,811 |     INFO | Epoch=415 done.
2022-05-13 13:49:01,947 |     INFO | Epoch=416 done.
2022-05-13 13:49:12,094 |     INFO | Epoch=417 done.
2022-05-13 13:49:22,444 |     INFO | Epoch=418 done.
2022-05-13 13:49:32,619 |     INFO | Epoch=419 done.
2022-05-13 13:49:42,788 |     INFO | Epoch=420 done.
2022-05-13 13:49:53,102 |     INFO | Epoch=421 done.
2022-05-13 13:50:03,231 |     INFO | Epoch=422 done.
2022-05-13 13:50:13,425 |     INFO | Epoch=423 done.
2022-05-13 13:50:23,629 |     INFO | Epoch=424 done.
2022-05-13 13:50:33,923 |     INFO | Epoch=425 done.
2022-05-13 13:50:44,032 |     INFO | Epoch=426 done.
2022-05-13 13:50:54,159 |     INFO | Epoch=427 done.
2022-05-13 13:51:04,483 |     INFO | Epoch=428 done.
2022-05-13 13:51:14,654 |     INFO | Epoch=429 done.
2022-05-13 13:51:24,840 |     INFO | Epoch=430 done.
2022-05-13 13:51:35,136 |     INFO | Epoch=431 done.
2022-05-13 13:51:45,283 |     INFO | Epoch=432 done.
2022-05-13 13:51:55,460 |     INFO | Epoch=433 done.
2022-05-13 13:52:05,836 |     INFO | Epoch=434 done.
2022-05-13 13:52:16,052 |     INFO | Epoch=435 done.
2022-05-13 13:52:26,196 |     INFO | Epoch=436 done.
2022-05-13 13:52:36,347 |     INFO | Epoch=437 done.
2022-05-13 13:52:46,671 |     INFO | Epoch=438 done.
2022-05-13 13:52:56,816 |     INFO | Epoch=439 done.
2022-05-13 13:53:06,999 |     INFO | Epoch=440 done.
2022-05-13 13:53:17,367 |     INFO | Epoch=441 done.
2022-05-13 13:53:27,496 |     INFO | Epoch=442 done.
2022-05-13 13:53:37,640 |     INFO | Epoch=443 done.
2022-05-13 13:53:47,980 |     INFO | Epoch=444 done.
2022-05-13 13:53:58,184 |     INFO | Epoch=445 done.
2022-05-13 13:54:08,387 |     INFO | Epoch=446 done.
2022-05-13 13:54:18,685 |     INFO | Epoch=447 done.
2022-05-13 13:54:28,815 |     INFO | Epoch=448 done.
2022-05-13 13:54:38,945 |     INFO | Epoch=449 done.
2022-05-13 13:54:49,132 |     INFO | Epoch=450 done.
2022-05-13 13:54:59,525 |     INFO | Epoch=451 done.
2022-05-13 13:55:09,722 |     INFO | Epoch=452 done.
2022-05-13 13:55:19,887 |     INFO | Epoch=453 done.
2022-05-13 13:55:30,250 |     INFO | Epoch=454 done.
2022-05-13 13:55:40,421 |     INFO | Epoch=455 done.
2022-05-13 13:55:50,646 |     INFO | Epoch=456 done.
2022-05-13 13:56:01,023 |     INFO | Epoch=457 done.
2022-05-13 13:56:11,172 |     INFO | Epoch=458 done.
2022-05-13 13:56:21,294 |     INFO | Epoch=459 done.
2022-05-13 13:56:31,600 |     INFO | Epoch=460 done.
2022-05-13 13:56:41,756 |     INFO | Epoch=461 done.
2022-05-13 13:56:51,952 |     INFO | Epoch=462 done.
2022-05-13 13:57:02,096 |     INFO | Epoch=463 done.
2022-05-13 13:57:12,405 |     INFO | Epoch=464 done.
2022-05-13 13:57:22,531 |     INFO | Epoch=465 done.
2022-05-13 13:57:32,674 |     INFO | Epoch=466 done.
2022-05-13 13:57:43,025 |     INFO | Epoch=467 done.
2022-05-13 13:57:53,229 |     INFO | Epoch=468 done.
2022-05-13 13:58:03,382 |     INFO | Epoch=469 done.
2022-05-13 13:58:13,676 |     INFO | Epoch=470 done.
2022-05-13 13:58:23,793 |     INFO | Epoch=471 done.
2022-05-13 13:58:33,957 |     INFO | Epoch=472 done.
2022-05-13 13:58:44,293 |     INFO | Epoch=473 done.
2022-05-13 13:58:54,451 |     INFO | Epoch=474 done.
2022-05-13 13:59:04,589 |     INFO | Epoch=475 done.
2022-05-13 13:59:14,740 |     INFO | Epoch=476 done.
2022-05-13 13:59:25,066 |     INFO | Epoch=477 done.
2022-05-13 13:59:35,255 |     INFO | Epoch=478 done.
2022-05-13 13:59:45,478 |     INFO | Epoch=479 done.
2022-05-13 13:59:55,770 |     INFO | Epoch=480 done.
2022-05-13 14:00:05,903 |     INFO | Epoch=481 done.
2022-05-13 14:00:16,059 |     INFO | Epoch=482 done.
2022-05-13 14:00:26,451 |     INFO | Epoch=483 done.
2022-05-13 14:00:36,656 |     INFO | Epoch=484 done.
2022-05-13 14:00:46,797 |     INFO | Epoch=485 done.
2022-05-13 14:00:57,107 |     INFO | Epoch=486 done.
2022-05-13 14:01:07,237 |     INFO | Epoch=487 done.
2022-05-13 14:01:17,437 |     INFO | Epoch=488 done.
2022-05-13 14:01:27,647 |     INFO | Epoch=489 done.
2022-05-13 14:01:37,959 |     INFO | Epoch=490 done.
2022-05-13 14:01:48,089 |     INFO | Epoch=491 done.
2022-05-13 14:01:58,244 |     INFO | Epoch=492 done.
2022-05-13 14:02:08,594 |     INFO | Epoch=493 done.
2022-05-13 14:02:18,791 |     INFO | Epoch=494 done.
2022-05-13 14:02:28,991 |     INFO | Epoch=495 done.
2022-05-13 14:02:39,378 |     INFO | Epoch=496 done.
2022-05-13 14:02:49,553 |     INFO | Epoch=497 done.
2022-05-13 14:02:59,765 |     INFO | Epoch=498 done.
2022-05-13 14:03:10,153 |     INFO | Epoch=499 done.
2022-05-13 14:03:20,365 |     INFO | Epoch=500 done.
2022-05-13 14:03:30,536 |     INFO | Epoch=501 done.
2022-05-13 14:03:40,703 |     INFO | Epoch=502 done.
2022-05-13 14:03:51,023 |     INFO | Epoch=503 done.
2022-05-13 14:04:01,194 |     INFO | Epoch=504 done.
2022-05-13 14:04:11,377 |     INFO | Epoch=505 done.
2022-05-13 14:04:21,723 |     INFO | Epoch=506 done.
2022-05-13 14:04:31,855 |     INFO | Epoch=507 done.
2022-05-13 14:04:42,012 |     INFO | Epoch=508 done.
2022-05-13 14:04:52,339 |     INFO | Epoch=509 done.
2022-05-13 14:05:02,524 |     INFO | Epoch=510 done.
2022-05-13 14:05:12,720 |     INFO | Epoch=511 done.
2022-05-13 14:05:22,995 |     INFO | Epoch=512 done.
2022-05-13 14:05:33,118 |     INFO | Epoch=513 done.
2022-05-13 14:05:43,253 |     INFO | Epoch=514 done.
2022-05-13 14:05:53,405 |     INFO | Epoch=515 done.
2022-05-13 14:06:03,791 |     INFO | Epoch=516 done.
2022-05-13 14:06:13,964 |     INFO | Epoch=517 done.
2022-05-13 14:06:24,096 |     INFO | Epoch=518 done.
2022-05-13 14:06:34,390 |     INFO | Epoch=519 done.
2022-05-13 14:06:44,563 |     INFO | Epoch=520 done.
2022-05-13 14:06:54,753 |     INFO | Epoch=521 done.
2022-05-13 14:07:05,115 |     INFO | Epoch=522 done.
2022-05-13 14:07:15,243 |     INFO | Epoch=523 done.
2022-05-13 14:07:25,400 |     INFO | Epoch=524 done.
2022-05-13 14:07:35,677 |     INFO | Epoch=525 done.
2022-05-13 14:07:45,849 |     INFO | Epoch=526 done.
2022-05-13 14:07:56,018 |     INFO | Epoch=527 done.
2022-05-13 14:08:06,198 |     INFO | Epoch=528 done.
2022-05-13 14:08:16,502 |     INFO | Epoch=529 done.
2022-05-13 14:08:26,643 |     INFO | Epoch=530 done.
2022-05-13 14:08:36,803 |     INFO | Epoch=531 done.
2022-05-13 14:08:47,185 |     INFO | Epoch=532 done.
2022-05-13 14:08:57,411 |     INFO | Epoch=533 done.
2022-05-13 14:09:07,571 |     INFO | Epoch=534 done.
2022-05-13 14:09:17,858 |     INFO | Epoch=535 done.
2022-05-13 14:09:27,992 |     INFO | Epoch=536 done.
2022-05-13 14:09:38,165 |     INFO | Epoch=537 done.
2022-05-13 14:09:48,530 |     INFO | Epoch=538 done.
2022-05-13 14:09:58,704 |     INFO | Epoch=539 done.
2022-05-13 14:10:08,828 |     INFO | Epoch=540 done.
2022-05-13 14:10:18,978 |     INFO | Epoch=541 done.
2022-05-13 14:10:29,330 |     INFO | Epoch=542 done.
2022-05-13 14:10:39,527 |     INFO | Epoch=543 done.
2022-05-13 14:10:49,727 |     INFO | Epoch=544 done.
2022-05-13 14:11:00,014 |     INFO | Epoch=545 done.
2022-05-13 14:11:10,163 |     INFO | Epoch=546 done.
2022-05-13 14:11:20,295 |     INFO | Epoch=547 done.
2022-05-13 14:11:30,651 |     INFO | Epoch=548 done.
2022-05-13 14:11:40,849 |     INFO | Epoch=549 done.
2022-05-13 14:11:51,012 |     INFO | Epoch=550 done.
2022-05-13 14:12:01,314 |     INFO | Epoch=551 done.
2022-05-13 14:12:11,471 |     INFO | Epoch=552 done.
2022-05-13 14:12:21,643 |     INFO | Epoch=553 done.
2022-05-13 14:12:31,843 |     INFO | Epoch=554 done.
2022-05-13 14:12:42,240 |     INFO | Epoch=555 done.
2022-05-13 14:12:52,378 |     INFO | Epoch=556 done.
2022-05-13 14:13:02,523 |     INFO | Epoch=557 done.
2022-05-13 14:13:12,821 |     INFO | Epoch=558 done.
2022-05-13 14:13:23,016 |     INFO | Epoch=559 done.
2022-05-13 14:13:33,212 |     INFO | Epoch=560 done.
2022-05-13 14:13:43,558 |     INFO | Epoch=561 done.
2022-05-13 14:13:53,698 |     INFO | Epoch=562 done.
2022-05-13 14:14:03,830 |     INFO | Epoch=563 done.
2022-05-13 14:14:14,139 |     INFO | Epoch=564 done.
2022-05-13 14:14:24,353 |     INFO | Epoch=565 done.
2022-05-13 14:14:34,564 |     INFO | Epoch=566 done.
2022-05-13 14:14:44,718 |     INFO | Epoch=567 done.
2022-05-13 14:14:55,046 |     INFO | Epoch=568 done.
2022-05-13 14:15:05,201 |     INFO | Epoch=569 done.
2022-05-13 14:15:15,422 |     INFO | Epoch=570 done.
2022-05-13 14:15:25,799 |     INFO | Epoch=571 done.
2022-05-13 14:15:35,976 |     INFO | Epoch=572 done.
2022-05-13 14:15:46,133 |     INFO | Epoch=573 done.
2022-05-13 14:15:56,446 |     INFO | Epoch=574 done.
2022-05-13 14:16:06,618 |     INFO | Epoch=575 done.
2022-05-13 14:16:16,839 |     INFO | Epoch=576 done.
2022-05-13 14:16:27,236 |     INFO | Epoch=577 done.
2022-05-13 14:16:37,405 |     INFO | Epoch=578 done.
2022-05-13 14:16:47,542 |     INFO | Epoch=579 done.
2022-05-13 14:16:57,688 |     INFO | Epoch=580 done.
2022-05-13 14:17:08,040 |     INFO | Epoch=581 done.
2022-05-13 14:17:18,242 |     INFO | Epoch=582 done.
2022-05-13 14:17:28,443 |     INFO | Epoch=583 done.
2022-05-13 14:17:38,722 |     INFO | Epoch=584 done.
2022-05-13 14:17:48,859 |     INFO | Epoch=585 done.
2022-05-13 14:17:59,011 |     INFO | Epoch=586 done.
2022-05-13 14:18:09,396 |     INFO | Epoch=587 done.
2022-05-13 14:18:19,597 |     INFO | Epoch=588 done.
2022-05-13 14:18:29,775 |     INFO | Epoch=589 done.
2022-05-13 14:18:40,109 |     INFO | Epoch=590 done.
2022-05-13 14:18:50,278 |     INFO | Epoch=591 done.
2022-05-13 14:19:00,466 |     INFO | Epoch=592 done.
2022-05-13 14:19:10,676 |     INFO | Epoch=593 done.
2022-05-13 14:19:21,047 |     INFO | Epoch=594 done.
2022-05-13 14:19:31,220 |     INFO | Epoch=595 done.
2022-05-13 14:19:41,382 |     INFO | Epoch=596 done.
2022-05-13 14:19:52,524 |     INFO | Epoch=597 done.
2022-05-13 14:20:02,662 |     INFO | Epoch=598 done.
2022-05-13 14:20:12,861 |     INFO | Epoch=599 done.
2022-05-13 14:20:23,238 |     INFO | Epoch=600 done.
2022-05-13 14:20:33,357 |     INFO | Epoch=601 done.
2022-05-13 14:20:43,501 |     INFO | Epoch=602 done.
2022-05-13 14:20:53,810 |     INFO | Epoch=603 done.
2022-05-13 14:21:04,003 |     INFO | Epoch=604 done.
2022-05-13 14:21:14,211 |     INFO | Epoch=605 done.
2022-05-13 14:21:24,364 |     INFO | Epoch=606 done.
2022-05-13 14:21:34,689 |     INFO | Epoch=607 done.
2022-05-13 14:21:44,854 |     INFO | Epoch=608 done.
2022-05-13 14:21:55,044 |     INFO | Epoch=609 done.
2022-05-13 14:22:05,440 |     INFO | Epoch=610 done.
2022-05-13 14:22:15,664 |     INFO | Epoch=611 done.
2022-05-13 14:22:25,823 |     INFO | Epoch=612 done.
2022-05-13 14:22:36,147 |     INFO | Epoch=613 done.
2022-05-13 14:22:46,300 |     INFO | Epoch=614 done.
2022-05-13 14:22:56,513 |     INFO | Epoch=615 done.
2022-05-13 14:23:06,898 |     INFO | Epoch=616 done.
2022-05-13 14:23:17,086 |     INFO | Epoch=617 done.
2022-05-13 14:23:27,255 |     INFO | Epoch=618 done.
2022-05-13 14:23:37,429 |     INFO | Epoch=619 done.
2022-05-13 14:23:47,774 |     INFO | Epoch=620 done.
2022-05-13 14:23:57,989 |     INFO | Epoch=621 done.
2022-05-13 14:24:08,216 |     INFO | Epoch=622 done.
2022-05-13 14:24:18,511 |     INFO | Epoch=623 done.
2022-05-13 14:24:28,671 |     INFO | Epoch=624 done.
2022-05-13 14:24:38,832 |     INFO | Epoch=625 done.
2022-05-13 14:24:49,156 |     INFO | Epoch=626 done.
2022-05-13 14:24:59,335 |     INFO | Epoch=627 done.
2022-05-13 14:25:09,536 |     INFO | Epoch=628 done.
2022-05-13 14:25:19,866 |     INFO | Epoch=629 done.
2022-05-13 14:25:30,025 |     INFO | Epoch=630 done.
2022-05-13 14:25:40,175 |     INFO | Epoch=631 done.
2022-05-13 14:25:50,405 |     INFO | Epoch=632 done.
2022-05-13 14:26:00,798 |     INFO | Epoch=633 done.
2022-05-13 14:26:10,966 |     INFO | Epoch=634 done.
2022-05-13 14:26:21,124 |     INFO | Epoch=635 done.
2022-05-13 14:26:31,444 |     INFO | Epoch=636 done.
2022-05-13 14:26:41,773 |     INFO | Epoch=637 done.
2022-05-13 14:26:52,071 |     INFO | Epoch=638 done.
2022-05-13 14:27:02,474 |     INFO | Epoch=639 done.
2022-05-13 14:27:12,729 |     INFO | Epoch=640 done.
2022-05-13 14:27:22,888 |     INFO | Epoch=641 done.
2022-05-13 14:27:33,212 |     INFO | Epoch=642 done.
2022-05-13 14:27:43,433 |     INFO | Epoch=643 done.
2022-05-13 14:27:53,682 |     INFO | Epoch=644 done.
2022-05-13 14:28:03,855 |     INFO | Epoch=645 done.
2022-05-13 14:28:14,206 |     INFO | Epoch=646 done.
2022-05-13 14:28:24,370 |     INFO | Epoch=647 done.
2022-05-13 14:28:34,541 |     INFO | Epoch=648 done.
2022-05-13 14:28:44,931 |     INFO | Epoch=649 done.
2022-05-13 14:28:55,165 |     INFO | Epoch=650 done.
2022-05-13 14:29:05,333 |     INFO | Epoch=651 done.
2022-05-13 14:29:15,625 |     INFO | Epoch=652 done.
2022-05-13 14:29:25,808 |     INFO | Epoch=653 done.
2022-05-13 14:29:36,026 |     INFO | Epoch=654 done.
2022-05-13 14:29:46,418 |     INFO | Epoch=655 done.
2022-05-13 14:29:56,563 |     INFO | Epoch=656 done.
2022-05-13 14:30:06,739 |     INFO | Epoch=657 done.
2022-05-13 14:30:16,917 |     INFO | Epoch=658 done.
2022-05-13 14:30:27,246 |     INFO | Epoch=659 done.
2022-05-13 14:30:37,434 |     INFO | Epoch=660 done.
2022-05-13 14:30:47,583 |     INFO | Epoch=661 done.
2022-05-13 14:30:57,877 |     INFO | Epoch=662 done.
2022-05-13 14:31:08,018 |     INFO | Epoch=663 done.
2022-05-13 14:31:18,190 |     INFO | Epoch=664 done.
2022-05-13 14:31:28,539 |     INFO | Epoch=665 done.
2022-05-13 14:31:38,736 |     INFO | Epoch=666 done.
2022-05-13 14:31:48,866 |     INFO | Epoch=667 done.
2022-05-13 14:31:59,176 |     INFO | Epoch=668 done.
2022-05-13 14:32:09,350 |     INFO | Epoch=669 done.
2022-05-13 14:32:19,540 |     INFO | Epoch=670 done.
2022-05-13 14:32:29,751 |     INFO | Epoch=671 done.
2022-05-13 14:32:40,111 |     INFO | Epoch=672 done.
2022-05-13 14:32:50,271 |     INFO | Epoch=673 done.
2022-05-13 14:33:00,427 |     INFO | Epoch=674 done.
2022-05-13 14:33:10,749 |     INFO | Epoch=675 done.
2022-05-13 14:33:20,936 |     INFO | Epoch=676 done.
2022-05-13 14:33:31,127 |     INFO | Epoch=677 done.
2022-05-13 14:33:41,432 |     INFO | Epoch=678 done.
2022-05-13 14:33:51,576 |     INFO | Epoch=679 done.
2022-05-13 14:34:01,979 |     INFO | Epoch=680 done.
2022-05-13 14:34:12,261 |     INFO | Epoch=681 done.
2022-05-13 14:34:22,450 |     INFO | Epoch=682 done.
2022-05-13 14:34:32,661 |     INFO | Epoch=683 done.
2022-05-13 14:34:42,804 |     INFO | Epoch=684 done.
2022-05-13 14:34:53,120 |     INFO | Epoch=685 done.
2022-05-13 14:35:03,291 |     INFO | Epoch=686 done.
2022-05-13 14:35:13,502 |     INFO | Epoch=687 done.
2022-05-13 14:35:23,884 |     INFO | Epoch=688 done.
2022-05-13 14:35:34,042 |     INFO | Epoch=689 done.
2022-05-13 14:35:44,193 |     INFO | Epoch=690 done.
2022-05-13 14:35:54,512 |     INFO | Epoch=691 done.
2022-05-13 14:36:04,697 |     INFO | Epoch=692 done.
2022-05-13 14:36:14,910 |     INFO | Epoch=693 done.
2022-05-13 14:36:25,313 |     INFO | Epoch=694 done.
2022-05-13 14:36:35,480 |     INFO | Epoch=695 done.
2022-05-13 14:36:45,629 |     INFO | Epoch=696 done.
2022-05-13 14:36:55,799 |     INFO | Epoch=697 done.
2022-05-13 14:37:06,174 |     INFO | Epoch=698 done.
2022-05-13 14:37:16,367 |     INFO | Epoch=699 done.
2022-05-13 14:37:26,522 |     INFO | Epoch=700 done.
2022-05-13 14:37:36,792 |     INFO | Epoch=701 done.
2022-05-13 14:37:46,930 |     INFO | Epoch=702 done.
2022-05-13 14:37:57,060 |     INFO | Epoch=703 done.
2022-05-13 14:38:07,417 |     INFO | Epoch=704 done.
2022-05-13 14:38:17,612 |     INFO | Epoch=705 done.
2022-05-13 14:38:27,749 |     INFO | Epoch=706 done.
2022-05-13 14:38:38,059 |     INFO | Epoch=707 done.
2022-05-13 14:38:48,196 |     INFO | Epoch=708 done.
2022-05-13 14:38:58,360 |     INFO | Epoch=709 done.
2022-05-13 14:39:08,557 |     INFO | Epoch=710 done.
2022-05-13 14:39:18,922 |     INFO | Epoch=711 done.
2022-05-13 14:39:29,054 |     INFO | Epoch=712 done.
2022-05-13 14:39:39,204 |     INFO | Epoch=713 done.
2022-05-13 14:39:49,535 |     INFO | Epoch=714 done.
2022-05-13 14:39:59,747 |     INFO | Epoch=715 done.
2022-05-13 14:40:09,959 |     INFO | Epoch=716 done.
2022-05-13 14:40:20,265 |     INFO | Epoch=717 done.
2022-05-13 14:40:30,444 |     INFO | Epoch=718 done.
2022-05-13 14:40:40,615 |     INFO | Epoch=719 done.
2022-05-13 14:40:50,912 |     INFO | Epoch=720 done.
2022-05-13 14:41:01,128 |     INFO | Epoch=721 done.
2022-05-13 14:41:11,331 |     INFO | Epoch=722 done.
2022-05-13 14:41:21,473 |     INFO | Epoch=723 done.
2022-05-13 14:41:31,782 |     INFO | Epoch=724 done.
2022-05-13 14:41:41,927 |     INFO | Epoch=725 done.
2022-05-13 14:41:52,135 |     INFO | Epoch=726 done.
2022-05-13 14:42:02,524 |     INFO | Epoch=727 done.
2022-05-13 14:42:12,689 |     INFO | Epoch=728 done.
2022-05-13 14:42:22,833 |     INFO | Epoch=729 done.
2022-05-13 14:42:33,140 |     INFO | Epoch=730 done.
2022-05-13 14:42:43,327 |     INFO | Epoch=731 done.
2022-05-13 14:42:53,533 |     INFO | Epoch=732 done.
2022-05-13 14:43:03,917 |     INFO | Epoch=733 done.
2022-05-13 14:43:14,048 |     INFO | Epoch=734 done.
2022-05-13 14:43:24,198 |     INFO | Epoch=735 done.
2022-05-13 14:43:34,368 |     INFO | Epoch=736 done.
2022-05-13 14:43:44,762 |     INFO | Epoch=737 done.
2022-05-13 14:43:54,974 |     INFO | Epoch=738 done.
2022-05-13 14:44:05,106 |     INFO | Epoch=739 done.
2022-05-13 14:44:15,383 |     INFO | Epoch=740 done.
2022-05-13 14:44:25,543 |     INFO | Epoch=741 done.
2022-05-13 14:44:35,716 |     INFO | Epoch=742 done.
2022-05-13 14:44:46,096 |     INFO | Epoch=743 done.
2022-05-13 14:44:56,237 |     INFO | Epoch=744 done.
2022-05-13 14:45:06,390 |     INFO | Epoch=745 done.
2022-05-13 14:45:16,707 |     INFO | Epoch=746 done.
2022-05-13 14:45:26,831 |     INFO | Epoch=747 done.
2022-05-13 14:45:37,028 |     INFO | Epoch=748 done.
2022-05-13 14:45:47,211 |     INFO | Epoch=749 done.
2022-05-13 14:45:57,505 |     INFO | Epoch=750 done.
2022-05-13 14:46:07,614 |     INFO | Epoch=751 done.
2022-05-13 14:46:17,741 |     INFO | Epoch=752 done.
2022-05-13 14:46:28,118 |     INFO | Epoch=753 done.
2022-05-13 14:46:38,312 |     INFO | Epoch=754 done.
2022-05-13 14:46:48,447 |     INFO | Epoch=755 done.
2022-05-13 14:46:58,742 |     INFO | Epoch=756 done.
2022-05-13 14:47:08,891 |     INFO | Epoch=757 done.
2022-05-13 14:47:19,094 |     INFO | Epoch=758 done.
2022-05-13 14:47:29,461 |     INFO | Epoch=759 done.
2022-05-13 14:47:39,652 |     INFO | Epoch=760 done.
2022-05-13 14:47:49,829 |     INFO | Epoch=761 done.
2022-05-13 14:47:59,990 |     INFO | Epoch=762 done.
2022-05-13 14:48:10,322 |     INFO | Epoch=763 done.
2022-05-13 14:48:20,524 |     INFO | Epoch=764 done.
2022-05-13 14:48:30,733 |     INFO | Epoch=765 done.
2022-05-13 14:48:41,046 |     INFO | Epoch=766 done.
2022-05-13 14:48:51,199 |     INFO | Epoch=767 done.
2022-05-13 14:49:01,365 |     INFO | Epoch=768 done.
2022-05-13 14:49:11,699 |     INFO | Epoch=769 done.
2022-05-13 14:49:21,904 |     INFO | Epoch=770 done.
2022-05-13 14:49:32,108 |     INFO | Epoch=771 done.
2022-05-13 14:49:42,415 |     INFO | Epoch=772 done.
2022-05-13 14:49:52,567 |     INFO | Epoch=773 done.
2022-05-13 14:50:02,714 |     INFO | Epoch=774 done.
2022-05-13 14:50:12,941 |     INFO | Epoch=775 done.
2022-05-13 14:50:23,334 |     INFO | Epoch=776 done.
2022-05-13 14:50:33,468 |     INFO | Epoch=777 done.
2022-05-13 14:50:43,614 |     INFO | Epoch=778 done.
2022-05-13 14:50:53,898 |     INFO | Epoch=779 done.
2022-05-13 14:51:04,033 |     INFO | Epoch=780 done.
2022-05-13 14:51:14,219 |     INFO | Epoch=781 done.
2022-05-13 14:51:24,597 |     INFO | Epoch=782 done.
2022-05-13 14:51:34,720 |     INFO | Epoch=783 done.
2022-05-13 14:51:44,879 |     INFO | Epoch=784 done.
2022-05-13 14:51:55,220 |     INFO | Epoch=785 done.
2022-05-13 14:52:05,434 |     INFO | Epoch=786 done.
2022-05-13 14:52:15,655 |     INFO | Epoch=787 done.
2022-05-13 14:52:25,823 |     INFO | Epoch=788 done.
2022-05-13 14:52:36,100 |     INFO | Epoch=789 done.
2022-05-13 14:52:46,250 |     INFO | Epoch=790 done.
2022-05-13 14:52:56,395 |     INFO | Epoch=791 done.
2022-05-13 14:53:06,765 |     INFO | Epoch=792 done.
2022-05-13 14:53:16,957 |     INFO | Epoch=793 done.
2022-05-13 14:53:27,141 |     INFO | Epoch=794 done.
2022-05-13 14:53:37,458 |     INFO | Epoch=795 done.
2022-05-13 14:53:47,624 |     INFO | Epoch=796 done.
2022-05-13 14:53:57,816 |     INFO | Epoch=797 done.
2022-05-13 14:54:08,202 |     INFO | Epoch=798 done.
2022-05-13 14:54:18,425 |     INFO | Epoch=799 done.
2022-05-13 14:54:28,588 |     INFO | Epoch=800 done.
2022-05-13 14:54:38,745 |     INFO | Epoch=801 done.
2022-05-13 14:54:49,070 |     INFO | Epoch=802 done.
2022-05-13 14:54:59,270 |     INFO | Epoch=803 done.
2022-05-13 14:55:09,494 |     INFO | Epoch=804 done.
2022-05-13 14:55:19,833 |     INFO | Epoch=805 done.
2022-05-13 14:55:30,029 |     INFO | Epoch=806 done.
2022-05-13 14:55:40,222 |     INFO | Epoch=807 done.
2022-05-13 14:55:50,555 |     INFO | Epoch=808 done.
2022-05-13 14:56:00,757 |     INFO | Epoch=809 done.
2022-05-13 14:56:10,970 |     INFO | Epoch=810 done.
2022-05-13 14:56:21,282 |     INFO | Epoch=811 done.
2022-05-13 14:56:31,419 |     INFO | Epoch=812 done.
2022-05-13 14:56:41,547 |     INFO | Epoch=813 done.
2022-05-13 14:56:51,742 |     INFO | Epoch=814 done.
2022-05-13 14:57:02,122 |     INFO | Epoch=815 done.
2022-05-13 14:57:12,275 |     INFO | Epoch=816 done.
2022-05-13 14:57:22,410 |     INFO | Epoch=817 done.
2022-05-13 14:57:32,680 |     INFO | Epoch=818 done.
2022-05-13 14:57:42,829 |     INFO | Epoch=819 done.
2022-05-13 14:57:53,022 |     INFO | Epoch=820 done.
2022-05-13 14:58:03,396 |     INFO | Epoch=821 done.
2022-05-13 14:58:13,540 |     INFO | Epoch=822 done.
2022-05-13 14:58:23,681 |     INFO | Epoch=823 done.
2022-05-13 14:58:34,013 |     INFO | Epoch=824 done.
2022-05-13 14:58:44,205 |     INFO | Epoch=825 done.
2022-05-13 14:58:54,399 |     INFO | Epoch=826 done.
2022-05-13 14:59:04,540 |     INFO | Epoch=827 done.
2022-05-13 14:59:14,834 |     INFO | Epoch=828 done.
2022-05-13 14:59:25,004 |     INFO | Epoch=829 done.
2022-05-13 14:59:35,171 |     INFO | Epoch=830 done.
2022-05-13 14:59:45,534 |     INFO | Epoch=831 done.
2022-05-13 14:59:55,723 |     INFO | Epoch=832 done.
2022-05-13 15:00:05,858 |     INFO | Epoch=833 done.
2022-05-13 15:00:16,187 |     INFO | Epoch=834 done.
2022-05-13 15:00:26,322 |     INFO | Epoch=835 done.
2022-05-13 15:00:36,513 |     INFO | Epoch=836 done.
2022-05-13 15:00:46,835 |     INFO | Epoch=837 done.
2022-05-13 15:00:56,962 |     INFO | Epoch=838 done.
2022-05-13 15:01:07,113 |     INFO | Epoch=839 done.
2022-05-13 15:01:17,280 |     INFO | Epoch=840 done.
2022-05-13 15:01:27,672 |     INFO | Epoch=841 done.
2022-05-13 15:01:37,880 |     INFO | Epoch=842 done.
2022-05-13 15:01:48,029 |     INFO | Epoch=843 done.
2022-05-13 15:01:58,357 |     INFO | Epoch=844 done.
2022-05-13 15:02:08,491 |     INFO | Epoch=845 done.
2022-05-13 15:02:18,671 |     INFO | Epoch=846 done.
2022-05-13 15:02:29,031 |     INFO | Epoch=847 done.
2022-05-13 15:02:39,213 |     INFO | Epoch=848 done.
2022-05-13 15:02:49,347 |     INFO | Epoch=849 done.
2022-05-13 15:02:59,677 |     INFO | Epoch=850 done.
2022-05-13 15:03:09,847 |     INFO | Epoch=851 done.
2022-05-13 15:03:20,048 |     INFO | Epoch=852 done.
2022-05-13 15:03:30,273 |     INFO | Epoch=853 done.
2022-05-13 15:03:40,569 |     INFO | Epoch=854 done.
2022-05-13 15:03:50,695 |     INFO | Epoch=855 done.
2022-05-13 15:04:00,840 |     INFO | Epoch=856 done.
2022-05-13 15:04:11,141 |     INFO | Epoch=857 done.
2022-05-13 15:04:21,344 |     INFO | Epoch=858 done.
2022-05-13 15:04:31,506 |     INFO | Epoch=859 done.
2022-05-13 15:04:41,810 |     INFO | Epoch=860 done.
2022-05-13 15:04:51,955 |     INFO | Epoch=861 done.
2022-05-13 15:05:02,116 |     INFO | Epoch=862 done.
2022-05-13 15:05:12,509 |     INFO | Epoch=863 done.
2022-05-13 15:05:22,704 |     INFO | Epoch=864 done.
2022-05-13 15:05:32,864 |     INFO | Epoch=865 done.
2022-05-13 15:05:43,033 |     INFO | Epoch=866 done.
2022-05-13 15:05:53,352 |     INFO | Epoch=867 done.
2022-05-13 15:06:03,512 |     INFO | Epoch=868 done.
2022-05-13 15:06:13,716 |     INFO | Epoch=869 done.
2022-05-13 15:06:24,061 |     INFO | Epoch=870 done.
2022-05-13 15:06:34,209 |     INFO | Epoch=871 done.
2022-05-13 15:06:44,355 |     INFO | Epoch=872 done.
2022-05-13 15:06:54,683 |     INFO | Epoch=873 done.
2022-05-13 15:07:04,859 |     INFO | Epoch=874 done.
2022-05-13 15:07:15,068 |     INFO | Epoch=875 done.
2022-05-13 15:07:25,348 |     INFO | Epoch=876 done.
2022-05-13 15:07:35,504 |     INFO | Epoch=877 done.
2022-05-13 15:07:45,677 |     INFO | Epoch=878 done.
2022-05-13 15:07:55,915 |     INFO | Epoch=879 done.
2022-05-13 15:08:06,308 |     INFO | Epoch=880 done.
2022-05-13 15:08:16,501 |     INFO | Epoch=881 done.
2022-05-13 15:08:26,650 |     INFO | Epoch=882 done.
2022-05-13 15:08:36,945 |     INFO | Epoch=883 done.
2022-05-13 15:08:47,110 |     INFO | Epoch=884 done.
2022-05-13 15:08:57,318 |     INFO | Epoch=885 done.
2022-05-13 15:09:07,668 |     INFO | Epoch=886 done.
2022-05-13 15:09:17,814 |     INFO | Epoch=887 done.
2022-05-13 15:09:27,957 |     INFO | Epoch=888 done.
2022-05-13 15:09:38,239 |     INFO | Epoch=889 done.
2022-05-13 15:09:48,413 |     INFO | Epoch=890 done.
2022-05-13 15:09:58,598 |     INFO | Epoch=891 done.
2022-05-13 15:10:08,768 |     INFO | Epoch=892 done.
2022-05-13 15:10:19,073 |     INFO | Epoch=893 done.
2022-05-13 15:10:29,208 |     INFO | Epoch=894 done.
2022-05-13 15:10:39,383 |     INFO | Epoch=895 done.
2022-05-13 15:10:49,750 |     INFO | Epoch=896 done.
2022-05-13 15:10:59,962 |     INFO | Epoch=897 done.
2022-05-13 15:11:10,120 |     INFO | Epoch=898 done.
2022-05-13 15:11:20,462 |     INFO | Epoch=899 done.
2022-05-13 15:11:30,671 |     INFO | Epoch=900 done.
2022-05-13 15:11:40,858 |     INFO | Epoch=901 done.
2022-05-13 15:11:51,458 |     INFO | Epoch=902 done.
2022-05-13 15:12:01,772 |     INFO | Epoch=903 done.
2022-05-13 15:12:11,950 |     INFO | Epoch=904 done.
2022-05-13 15:12:22,128 |     INFO | Epoch=905 done.
2022-05-13 15:12:32,513 |     INFO | Epoch=906 done.
2022-05-13 15:12:42,733 |     INFO | Epoch=907 done.
2022-05-13 15:12:53,083 |     INFO | Epoch=908 done.
2022-05-13 15:13:03,555 |     INFO | Epoch=909 done.
2022-05-13 15:13:13,747 |     INFO | Epoch=910 done.
2022-05-13 15:13:23,920 |     INFO | Epoch=911 done.
2022-05-13 15:13:34,273 |     INFO | Epoch=912 done.
2022-05-13 15:13:44,494 |     INFO | Epoch=913 done.
2022-05-13 15:13:54,722 |     INFO | Epoch=914 done.
2022-05-13 15:14:05,049 |     INFO | Epoch=915 done.
2022-05-13 15:14:15,242 |     INFO | Epoch=916 done.
2022-05-13 15:14:25,430 |     INFO | Epoch=917 done.
2022-05-13 15:14:35,655 |     INFO | Epoch=918 done.
2022-05-13 15:14:46,043 |     INFO | Epoch=919 done.
2022-05-13 15:14:56,186 |     INFO | Epoch=920 done.
2022-05-13 15:15:06,326 |     INFO | Epoch=921 done.
2022-05-13 15:15:16,668 |     INFO | Epoch=922 done.
2022-05-13 15:15:26,864 |     INFO | Epoch=923 done.
2022-05-13 15:15:37,068 |     INFO | Epoch=924 done.
2022-05-13 15:15:47,356 |     INFO | Epoch=925 done.
2022-05-13 15:15:57,522 |     INFO | Epoch=926 done.
2022-05-13 15:16:07,677 |     INFO | Epoch=927 done.
2022-05-13 15:16:18,020 |     INFO | Epoch=928 done.
2022-05-13 15:16:28,214 |     INFO | Epoch=929 done.
2022-05-13 15:16:38,375 |     INFO | Epoch=930 done.
2022-05-13 15:16:48,537 |     INFO | Epoch=931 done.
2022-05-13 15:16:58,853 |     INFO | Epoch=932 done.
2022-05-13 15:17:09,009 |     INFO | Epoch=933 done.
2022-05-13 15:17:19,188 |     INFO | Epoch=934 done.
2022-05-13 15:17:29,562 |     INFO | Epoch=935 done.
2022-05-13 15:17:39,708 |     INFO | Epoch=936 done.
2022-05-13 15:17:49,858 |     INFO | Epoch=937 done.
2022-05-13 15:18:00,167 |     INFO | Epoch=938 done.
2022-05-13 15:18:10,360 |     INFO | Epoch=939 done.
2022-05-13 15:18:20,568 |     INFO | Epoch=940 done.
2022-05-13 15:18:30,925 |     INFO | Epoch=941 done.
2022-05-13 15:18:41,064 |     INFO | Epoch=942 done.
2022-05-13 15:18:51,228 |     INFO | Epoch=943 done.
2022-05-13 15:19:01,409 |     INFO | Epoch=944 done.
2022-05-13 15:19:11,807 |     INFO | Epoch=945 done.
2022-05-13 15:19:22,007 |     INFO | Epoch=946 done.
2022-05-13 15:19:32,158 |     INFO | Epoch=947 done.
2022-05-13 15:19:42,475 |     INFO | Epoch=948 done.
2022-05-13 15:19:54,018 |     INFO | Epoch=949 done.
2022-05-13 15:20:04,180 |     INFO | Epoch=950 done.
2022-05-13 15:20:14,514 |     INFO | Epoch=951 done.
2022-05-13 15:20:24,717 |     INFO | Epoch=952 done.
2022-05-13 15:20:34,929 |     INFO | Epoch=953 done.
2022-05-13 15:20:45,273 |     INFO | Epoch=954 done.
2022-05-13 15:20:55,430 |     INFO | Epoch=955 done.
2022-05-13 15:21:05,601 |     INFO | Epoch=956 done.
2022-05-13 15:21:15,825 |     INFO | Epoch=957 done.
2022-05-13 15:21:26,230 |     INFO | Epoch=958 done.
2022-05-13 15:21:36,379 |     INFO | Epoch=959 done.
2022-05-13 15:21:46,516 |     INFO | Epoch=960 done.
2022-05-13 15:21:56,837 |     INFO | Epoch=961 done.
2022-05-13 15:22:06,993 |     INFO | Epoch=962 done.
2022-05-13 15:22:17,193 |     INFO | Epoch=963 done.
2022-05-13 15:22:27,553 |     INFO | Epoch=964 done.
2022-05-13 15:22:37,722 |     INFO | Epoch=965 done.
2022-05-13 15:22:47,859 |     INFO | Epoch=966 done.
2022-05-13 15:22:58,180 |     INFO | Epoch=967 done.
2022-05-13 15:23:08,355 |     INFO | Epoch=968 done.
2022-05-13 15:23:18,562 |     INFO | Epoch=969 done.
2022-05-13 15:23:28,716 |     INFO | Epoch=970 done.
2022-05-13 15:23:39,015 |     INFO | Epoch=971 done.
2022-05-13 15:23:49,132 |     INFO | Epoch=972 done.
2022-05-13 15:23:59,273 |     INFO | Epoch=973 done.
2022-05-13 15:24:09,644 |     INFO | Epoch=974 done.
2022-05-13 15:24:19,851 |     INFO | Epoch=975 done.
2022-05-13 15:24:30,049 |     INFO | Epoch=976 done.
2022-05-13 15:24:40,323 |     INFO | Epoch=977 done.
2022-05-13 15:24:50,458 |     INFO | Epoch=978 done.
2022-05-13 15:25:00,685 |     INFO | Epoch=979 done.
2022-05-13 15:25:11,070 |     INFO | Epoch=980 done.
2022-05-13 15:25:21,223 |     INFO | Epoch=981 done.
2022-05-13 15:25:31,369 |     INFO | Epoch=982 done.
2022-05-13 15:25:41,511 |     INFO | Epoch=983 done.
2022-05-13 15:25:51,822 |     INFO | Epoch=984 done.
2022-05-13 15:26:02,000 |     INFO | Epoch=985 done.
2022-05-13 15:26:12,204 |     INFO | Epoch=986 done.
2022-05-13 15:26:22,471 |     INFO | Epoch=987 done.
2022-05-13 15:26:32,583 |     INFO | Epoch=988 done.
2022-05-13 15:26:42,718 |     INFO | Epoch=989 done.
2022-05-13 15:26:53,073 |     INFO | Epoch=990 done.
2022-05-13 15:27:03,265 |     INFO | Epoch=991 done.
2022-05-13 15:27:13,407 |     INFO | Epoch=992 done.
2022-05-13 15:27:23,687 |     INFO | Epoch=993 done.
2022-05-13 15:27:33,821 |     INFO | Epoch=994 done.
2022-05-13 15:27:43,955 |     INFO | Epoch=995 done.
2022-05-13 15:27:54,150 |     INFO | Epoch=996 done.
2022-05-13 15:28:04,521 |     INFO | Epoch=997 done.
2022-05-13 15:28:14,663 |     INFO | Epoch=998 done.
2022-05-13 15:28:24,803 |     INFO | Epoch=999 done.
2022-05-13 15:28:25,955 |  WARNING | ./. already exists
2022-05-13 15:28:25,955 |  WARNING | ././out already exists
2022-05-13 15:28:25,955 |  WARNING | ././out/cluster_1000_gpu-13-05-2022-12-37-25 already exists
2022-05-13 15:28:25,971 |     INFO | Created folder ././out/cluster_1000_gpu-13-05-2022-12-37-25/net_eval
2022-05-13 15:28:26,119 |  WARNING | ./. already exists
2022-05-13 15:28:26,119 |  WARNING | ././out already exists
2022-05-13 15:28:26,119 |  WARNING | ././out/cluster_1000_gpu-13-05-2022-12-37-25 already exists
2022-05-13 15:28:26,119 |  WARNING | ././out/cluster_1000_gpu-13-05-2022-12-37-25/net_eval already exists
2022-05-13 15:28:26,270 |  WARNING | ./. already exists
2022-05-13 15:28:26,270 |  WARNING | ././out already exists
2022-05-13 15:28:26,270 |  WARNING | ././out/cluster_1000_gpu-13-05-2022-12-37-25 already exists
2022-05-13 15:28:26,270 |  WARNING | ././out/cluster_1000_gpu-13-05-2022-12-37-25/net_eval already exists
