2022-05-10 02:19:55,597 |     INFO | Program starting in cluster-mode
2022-05-10 02:19:55,597 |     INFO | STARTING PROGRAM
2022-05-10 02:19:55,597 |     INFO | Selected parameters:
2022-05-10 02:19:55,597 |     INFO | {'name': 'cluster_1000_gpu', 'name_time': 'cluster_1000_gpu-10-05-2022-02-19-55', 'train': True, 'model': './models/models-autoencodergray-scale.pth', 'letters': ['alpha', 'beta', 'chi', 'delta', 'epsilon', 'eta', 'gamma', 'iota', 'kappa', 'lambda', 'mu', 'nu', 'omega', 'omicron', 'phi', 'pi', 'psi', 'rho', 'sigma', 'tau', 'theta', 'xi', 'ypsilon', 'zeta'], 'logging': 40, 'mode': 'cluster', 'epochs': 1000, 'dimensions': 28, 'tqdm': False, 'processing': 'gray-scale', 'root': 'out/cluster_1000_gpu-10-05-2022-02-19-55'}
2022-05-10 02:19:55,653 |     INFO | torch.cuda.is_available()=True
2022-05-10 02:21:59,326 |     INFO | len(_trainset)=7113
2022-05-10 02:21:59,327 |     INFO | len(_validset)=2371
2022-05-10 02:21:59,327 |     INFO | len(_testset)=2371
2022-05-10 02:22:48,093 |     INFO | Epoch=0 done.
2022-05-10 02:23:29,417 |     INFO | Epoch=1 done.
2022-05-10 02:24:10,551 |     INFO | Epoch=2 done.
2022-05-10 02:24:51,635 |     INFO | Epoch=3 done.
2022-05-10 02:25:32,665 |     INFO | Epoch=4 done.
2022-05-10 02:26:13,681 |     INFO | Epoch=5 done.
2022-05-10 02:26:54,701 |     INFO | Epoch=6 done.
2022-05-10 02:27:35,967 |     INFO | Epoch=7 done.
2022-05-10 02:28:16,983 |     INFO | Epoch=8 done.
2022-05-10 02:28:58,078 |     INFO | Epoch=9 done.
2022-05-10 02:29:39,145 |     INFO | Epoch=10 done.
2022-05-10 02:30:20,468 |     INFO | Epoch=11 done.
2022-05-10 02:31:01,567 |     INFO | Epoch=12 done.
2022-05-10 02:31:42,745 |     INFO | Epoch=13 done.
2022-05-10 02:32:23,902 |     INFO | Epoch=14 done.
2022-05-10 02:33:05,305 |     INFO | Epoch=15 done.
2022-05-10 02:33:46,496 |     INFO | Epoch=16 done.
2022-05-10 02:34:27,656 |     INFO | Epoch=17 done.
2022-05-10 02:35:08,854 |     INFO | Epoch=18 done.
2022-05-10 02:35:50,325 |     INFO | Epoch=19 done.
2022-05-10 02:36:31,579 |     INFO | Epoch=20 done.
2022-05-10 02:37:12,841 |     INFO | Epoch=21 done.
2022-05-10 02:37:54,086 |     INFO | Epoch=22 done.
2022-05-10 02:38:35,571 |     INFO | Epoch=23 done.
2022-05-10 02:39:16,876 |     INFO | Epoch=24 done.
2022-05-10 02:39:58,260 |     INFO | Epoch=25 done.
2022-05-10 02:40:39,586 |     INFO | Epoch=26 done.
2022-05-10 02:41:21,041 |     INFO | Epoch=27 done.
2022-05-10 02:42:02,358 |     INFO | Epoch=28 done.
2022-05-10 02:42:43,690 |     INFO | Epoch=29 done.
2022-05-10 02:43:24,983 |     INFO | Epoch=30 done.
2022-05-10 02:44:06,622 |     INFO | Epoch=31 done.
2022-05-10 02:44:48,099 |     INFO | Epoch=32 done.
2022-05-10 02:45:29,551 |     INFO | Epoch=33 done.
2022-05-10 02:46:10,980 |     INFO | Epoch=34 done.
2022-05-10 02:46:52,652 |     INFO | Epoch=35 done.
2022-05-10 02:47:34,145 |     INFO | Epoch=36 done.
2022-05-10 02:48:15,692 |     INFO | Epoch=37 done.
2022-05-10 02:48:57,213 |     INFO | Epoch=38 done.
2022-05-10 02:49:38,949 |     INFO | Epoch=39 done.
2022-05-10 02:50:20,511 |     INFO | Epoch=40 done.
2022-05-10 02:51:02,035 |     INFO | Epoch=41 done.
2022-05-10 02:51:43,590 |     INFO | Epoch=42 done.
2022-05-10 02:52:25,398 |     INFO | Epoch=43 done.
2022-05-10 02:53:06,966 |     INFO | Epoch=44 done.
2022-05-10 02:53:48,538 |     INFO | Epoch=45 done.
2022-05-10 02:54:30,143 |     INFO | Epoch=46 done.
2022-05-10 02:55:11,981 |     INFO | Epoch=47 done.
2022-05-10 02:55:53,608 |     INFO | Epoch=48 done.
2022-05-10 02:56:35,274 |     INFO | Epoch=49 done.
2022-05-10 02:57:16,889 |     INFO | Epoch=50 done.
2022-05-10 02:57:58,704 |     INFO | Epoch=51 done.
2022-05-10 02:58:40,388 |     INFO | Epoch=52 done.
2022-05-10 02:59:22,117 |     INFO | Epoch=53 done.
2022-05-10 03:00:03,790 |     INFO | Epoch=54 done.
2022-05-10 03:00:45,680 |     INFO | Epoch=55 done.
2022-05-10 03:01:27,403 |     INFO | Epoch=56 done.
2022-05-10 03:02:09,063 |     INFO | Epoch=57 done.
2022-05-10 03:02:50,774 |     INFO | Epoch=58 done.
2022-05-10 03:03:32,742 |     INFO | Epoch=59 done.
2022-05-10 03:04:14,444 |     INFO | Epoch=60 done.
2022-05-10 03:04:56,218 |     INFO | Epoch=61 done.
2022-05-10 03:05:37,987 |     INFO | Epoch=62 done.
2022-05-10 03:06:19,900 |     INFO | Epoch=63 done.
2022-05-10 03:07:01,639 |     INFO | Epoch=64 done.
2022-05-10 03:07:43,359 |     INFO | Epoch=65 done.
2022-05-10 03:08:25,181 |     INFO | Epoch=66 done.
2022-05-10 03:09:07,197 |     INFO | Epoch=67 done.
2022-05-10 03:09:49,023 |     INFO | Epoch=68 done.
2022-05-10 03:10:30,824 |     INFO | Epoch=69 done.
2022-05-10 03:11:12,649 |     INFO | Epoch=70 done.
2022-05-10 03:11:54,704 |     INFO | Epoch=71 done.
2022-05-10 03:12:36,518 |     INFO | Epoch=72 done.
2022-05-10 03:13:18,431 |     INFO | Epoch=73 done.
2022-05-10 03:14:00,258 |     INFO | Epoch=74 done.
2022-05-10 03:14:42,312 |     INFO | Epoch=75 done.
2022-05-10 03:15:24,160 |     INFO | Epoch=76 done.
2022-05-10 03:16:06,058 |     INFO | Epoch=77 done.
2022-05-10 03:16:47,854 |     INFO | Epoch=78 done.
2022-05-10 03:17:29,797 |     INFO | Epoch=79 done.
2022-05-10 03:18:11,622 |     INFO | Epoch=80 done.
2022-05-10 03:18:53,466 |     INFO | Epoch=81 done.
2022-05-10 03:19:35,353 |     INFO | Epoch=82 done.
2022-05-10 03:20:17,381 |     INFO | Epoch=83 done.
2022-05-10 03:20:59,205 |     INFO | Epoch=84 done.
2022-05-10 03:21:41,067 |     INFO | Epoch=85 done.
2022-05-10 03:22:22,937 |     INFO | Epoch=86 done.
2022-05-10 03:23:05,044 |     INFO | Epoch=87 done.
2022-05-10 03:23:46,975 |     INFO | Epoch=88 done.
2022-05-10 03:24:28,836 |     INFO | Epoch=89 done.
2022-05-10 03:25:10,761 |     INFO | Epoch=90 done.
2022-05-10 03:25:52,871 |     INFO | Epoch=91 done.
2022-05-10 03:26:34,742 |     INFO | Epoch=92 done.
2022-05-10 03:27:16,700 |     INFO | Epoch=93 done.
2022-05-10 03:27:58,688 |     INFO | Epoch=94 done.
2022-05-10 03:28:40,731 |     INFO | Epoch=95 done.
2022-05-10 03:29:22,657 |     INFO | Epoch=96 done.
2022-05-10 03:30:04,694 |     INFO | Epoch=97 done.
2022-05-10 03:30:46,664 |     INFO | Epoch=98 done.
2022-05-10 03:31:28,771 |     INFO | Epoch=99 done.
2022-05-10 03:32:10,797 |     INFO | Epoch=100 done.
2022-05-10 03:32:52,780 |     INFO | Epoch=101 done.
2022-05-10 03:33:34,726 |     INFO | Epoch=102 done.
2022-05-10 03:34:16,940 |     INFO | Epoch=103 done.
2022-05-10 03:34:58,913 |     INFO | Epoch=104 done.
2022-05-10 03:35:40,916 |     INFO | Epoch=105 done.
2022-05-10 03:36:22,874 |     INFO | Epoch=106 done.
2022-05-10 03:37:05,016 |     INFO | Epoch=107 done.
2022-05-10 03:37:46,915 |     INFO | Epoch=108 done.
2022-05-10 03:38:28,810 |     INFO | Epoch=109 done.
2022-05-10 03:39:10,674 |     INFO | Epoch=110 done.
2022-05-10 03:39:52,723 |     INFO | Epoch=111 done.
2022-05-10 03:40:34,726 |     INFO | Epoch=112 done.
2022-05-10 03:41:16,789 |     INFO | Epoch=113 done.
2022-05-10 03:41:58,751 |     INFO | Epoch=114 done.
2022-05-10 03:42:40,970 |     INFO | Epoch=115 done.
2022-05-10 03:43:23,017 |     INFO | Epoch=116 done.
2022-05-10 03:44:04,993 |     INFO | Epoch=117 done.
2022-05-10 03:44:47,032 |     INFO | Epoch=118 done.
2022-05-10 03:45:29,206 |     INFO | Epoch=119 done.
2022-05-10 03:46:11,104 |     INFO | Epoch=120 done.
2022-05-10 03:46:53,152 |     INFO | Epoch=121 done.
2022-05-10 03:47:35,201 |     INFO | Epoch=122 done.
2022-05-10 03:48:17,376 |     INFO | Epoch=123 done.
2022-05-10 03:48:59,396 |     INFO | Epoch=124 done.
2022-05-10 03:49:41,488 |     INFO | Epoch=125 done.
2022-05-10 03:50:23,475 |     INFO | Epoch=126 done.
2022-05-10 03:51:05,692 |     INFO | Epoch=127 done.
2022-05-10 03:51:47,760 |     INFO | Epoch=128 done.
2022-05-10 03:52:29,575 |     INFO | Epoch=129 done.
2022-05-10 03:53:11,347 |     INFO | Epoch=130 done.
2022-05-10 03:53:53,387 |     INFO | Epoch=131 done.
2022-05-10 03:54:35,199 |     INFO | Epoch=132 done.
2022-05-10 03:55:16,986 |     INFO | Epoch=133 done.
2022-05-10 03:55:58,799 |     INFO | Epoch=134 done.
2022-05-10 03:56:40,816 |     INFO | Epoch=135 done.
2022-05-10 03:57:22,552 |     INFO | Epoch=136 done.
2022-05-10 03:58:04,365 |     INFO | Epoch=137 done.
2022-05-10 03:58:46,183 |     INFO | Epoch=138 done.
2022-05-10 03:59:28,107 |     INFO | Epoch=139 done.
2022-05-10 04:00:09,931 |     INFO | Epoch=140 done.
2022-05-10 04:00:51,742 |     INFO | Epoch=141 done.
2022-05-10 04:01:33,725 |     INFO | Epoch=142 done.
2022-05-10 04:02:15,665 |     INFO | Epoch=143 done.
2022-05-10 04:02:57,463 |     INFO | Epoch=144 done.
2022-05-10 04:03:39,182 |     INFO | Epoch=145 done.
2022-05-10 04:04:20,967 |     INFO | Epoch=146 done.
2022-05-10 04:05:02,952 |     INFO | Epoch=147 done.
2022-05-10 04:05:44,753 |     INFO | Epoch=148 done.
2022-05-10 04:06:26,455 |     INFO | Epoch=149 done.
2022-05-10 04:07:08,220 |     INFO | Epoch=150 done.
2022-05-10 04:07:50,226 |     INFO | Epoch=151 done.
2022-05-10 04:08:31,906 |     INFO | Epoch=152 done.
2022-05-10 04:09:13,739 |     INFO | Epoch=153 done.
2022-05-10 04:09:55,397 |     INFO | Epoch=154 done.
2022-05-10 04:10:37,124 |     INFO | Epoch=155 done.
2022-05-10 04:11:18,722 |     INFO | Epoch=156 done.
2022-05-10 04:12:00,316 |     INFO | Epoch=157 done.
2022-05-10 04:12:41,826 |     INFO | Epoch=158 done.
2022-05-10 04:13:23,533 |     INFO | Epoch=159 done.
2022-05-10 04:14:05,014 |     INFO | Epoch=160 done.
2022-05-10 04:14:46,440 |     INFO | Epoch=161 done.
2022-05-10 04:15:27,838 |     INFO | Epoch=162 done.
2022-05-10 04:16:09,385 |     INFO | Epoch=163 done.
2022-05-10 04:16:50,740 |     INFO | Epoch=164 done.
2022-05-10 04:17:32,100 |     INFO | Epoch=165 done.
2022-05-10 04:18:13,335 |     INFO | Epoch=166 done.
2022-05-10 04:18:54,764 |     INFO | Epoch=167 done.
2022-05-10 04:19:35,996 |     INFO | Epoch=168 done.
2022-05-10 04:20:17,264 |     INFO | Epoch=169 done.
2022-05-10 04:20:58,530 |     INFO | Epoch=170 done.
2022-05-10 04:21:39,954 |     INFO | Epoch=171 done.
2022-05-10 04:22:21,246 |     INFO | Epoch=172 done.
2022-05-10 04:23:02,565 |     INFO | Epoch=173 done.
2022-05-10 04:23:43,805 |     INFO | Epoch=174 done.
2022-05-10 04:24:25,305 |     INFO | Epoch=175 done.
2022-05-10 04:25:06,604 |     INFO | Epoch=176 done.
2022-05-10 04:25:47,867 |     INFO | Epoch=177 done.
2022-05-10 04:26:29,157 |     INFO | Epoch=178 done.
2022-05-10 04:27:10,661 |     INFO | Epoch=179 done.
2022-05-10 04:27:51,998 |     INFO | Epoch=180 done.
2022-05-10 04:28:33,295 |     INFO | Epoch=181 done.
2022-05-10 04:29:14,837 |     INFO | Epoch=182 done.
2022-05-10 04:29:56,416 |     INFO | Epoch=183 done.
2022-05-10 04:30:37,719 |     INFO | Epoch=184 done.
2022-05-10 04:31:19,090 |     INFO | Epoch=185 done.
2022-05-10 04:32:00,491 |     INFO | Epoch=186 done.
2022-05-10 04:32:41,994 |     INFO | Epoch=187 done.
2022-05-10 04:33:23,342 |     INFO | Epoch=188 done.
2022-05-10 04:34:04,740 |     INFO | Epoch=189 done.
2022-05-10 04:34:46,086 |     INFO | Epoch=190 done.
2022-05-10 04:35:27,632 |     INFO | Epoch=191 done.
2022-05-10 04:36:08,896 |     INFO | Epoch=192 done.
2022-05-10 04:36:50,336 |     INFO | Epoch=193 done.
2022-05-10 04:37:31,733 |     INFO | Epoch=194 done.
2022-05-10 04:38:13,250 |     INFO | Epoch=195 done.
2022-05-10 04:38:54,670 |     INFO | Epoch=196 done.
2022-05-10 04:39:36,112 |     INFO | Epoch=197 done.
2022-05-10 04:40:17,460 |     INFO | Epoch=198 done.
2022-05-10 04:40:59,076 |     INFO | Epoch=199 done.
2022-05-10 04:41:40,447 |     INFO | Epoch=200 done.
2022-05-10 04:42:21,851 |     INFO | Epoch=201 done.
2022-05-10 04:43:03,275 |     INFO | Epoch=202 done.
2022-05-10 04:43:44,865 |     INFO | Epoch=203 done.
2022-05-10 04:44:26,297 |     INFO | Epoch=204 done.
2022-05-10 04:45:07,700 |     INFO | Epoch=205 done.
2022-05-10 04:45:49,215 |     INFO | Epoch=206 done.
2022-05-10 04:46:30,840 |     INFO | Epoch=207 done.
2022-05-10 04:47:12,232 |     INFO | Epoch=208 done.
2022-05-10 04:47:53,675 |     INFO | Epoch=209 done.
2022-05-10 04:48:35,072 |     INFO | Epoch=210 done.
2022-05-10 04:49:16,634 |     INFO | Epoch=211 done.
2022-05-10 04:49:58,106 |     INFO | Epoch=212 done.
2022-05-10 04:50:39,534 |     INFO | Epoch=213 done.
2022-05-10 04:51:20,960 |     INFO | Epoch=214 done.
2022-05-10 04:52:02,569 |     INFO | Epoch=215 done.
2022-05-10 04:52:43,950 |     INFO | Epoch=216 done.
2022-05-10 04:53:25,399 |     INFO | Epoch=217 done.
2022-05-10 04:54:06,862 |     INFO | Epoch=218 done.
2022-05-10 04:54:48,369 |     INFO | Epoch=219 done.
2022-05-10 04:55:29,808 |     INFO | Epoch=220 done.
2022-05-10 04:56:11,286 |     INFO | Epoch=221 done.
2022-05-10 04:56:52,691 |     INFO | Epoch=222 done.
2022-05-10 04:57:34,373 |     INFO | Epoch=223 done.
2022-05-10 04:58:15,867 |     INFO | Epoch=224 done.
2022-05-10 04:58:57,312 |     INFO | Epoch=225 done.
2022-05-10 04:59:38,823 |     INFO | Epoch=226 done.
2022-05-10 05:00:20,492 |     INFO | Epoch=227 done.
2022-05-10 05:01:01,934 |     INFO | Epoch=228 done.
2022-05-10 05:01:43,370 |     INFO | Epoch=229 done.
2022-05-10 05:02:24,828 |     INFO | Epoch=230 done.
2022-05-10 05:03:06,504 |     INFO | Epoch=231 done.
2022-05-10 05:03:47,952 |     INFO | Epoch=232 done.
2022-05-10 05:04:29,362 |     INFO | Epoch=233 done.
2022-05-10 05:05:10,867 |     INFO | Epoch=234 done.
2022-05-10 05:05:52,427 |     INFO | Epoch=235 done.
2022-05-10 05:06:33,921 |     INFO | Epoch=236 done.
2022-05-10 05:07:15,397 |     INFO | Epoch=237 done.
2022-05-10 05:07:56,858 |     INFO | Epoch=238 done.
2022-05-10 05:08:38,576 |     INFO | Epoch=239 done.
2022-05-10 05:09:20,098 |     INFO | Epoch=240 done.
2022-05-10 05:10:01,539 |     INFO | Epoch=241 done.
2022-05-10 05:10:43,077 |     INFO | Epoch=242 done.
2022-05-10 05:11:24,806 |     INFO | Epoch=243 done.
2022-05-10 05:12:06,236 |     INFO | Epoch=244 done.
2022-05-10 05:12:47,714 |     INFO | Epoch=245 done.
2022-05-10 05:13:29,240 |     INFO | Epoch=246 done.
2022-05-10 05:14:10,938 |     INFO | Epoch=247 done.
2022-05-10 05:14:52,439 |     INFO | Epoch=248 done.
2022-05-10 05:15:33,917 |     INFO | Epoch=249 done.
2022-05-10 05:16:15,365 |     INFO | Epoch=250 done.
2022-05-10 05:16:56,989 |     INFO | Epoch=251 done.
2022-05-10 05:17:38,510 |     INFO | Epoch=252 done.
2022-05-10 05:18:19,989 |     INFO | Epoch=253 done.
2022-05-10 05:19:01,558 |     INFO | Epoch=254 done.
2022-05-10 05:19:43,219 |     INFO | Epoch=255 done.
2022-05-10 05:20:24,664 |     INFO | Epoch=256 done.
2022-05-10 05:21:06,247 |     INFO | Epoch=257 done.
2022-05-10 05:21:47,797 |     INFO | Epoch=258 done.
2022-05-10 05:22:29,430 |     INFO | Epoch=259 done.
2022-05-10 05:23:11,036 |     INFO | Epoch=260 done.
2022-05-10 05:23:52,634 |     INFO | Epoch=261 done.
2022-05-10 05:24:34,149 |     INFO | Epoch=262 done.
2022-05-10 05:25:15,865 |     INFO | Epoch=263 done.
2022-05-10 05:25:57,402 |     INFO | Epoch=264 done.
2022-05-10 05:26:38,916 |     INFO | Epoch=265 done.
2022-05-10 05:27:20,424 |     INFO | Epoch=266 done.
2022-05-10 05:28:02,151 |     INFO | Epoch=267 done.
2022-05-10 05:28:43,631 |     INFO | Epoch=268 done.
2022-05-10 05:29:25,175 |     INFO | Epoch=269 done.
2022-05-10 05:30:06,770 |     INFO | Epoch=270 done.
2022-05-10 05:30:48,442 |     INFO | Epoch=271 done.
2022-05-10 05:31:30,002 |     INFO | Epoch=272 done.
2022-05-10 05:32:11,565 |     INFO | Epoch=273 done.
2022-05-10 05:32:53,130 |     INFO | Epoch=274 done.
2022-05-10 05:33:34,818 |     INFO | Epoch=275 done.
2022-05-10 05:34:16,384 |     INFO | Epoch=276 done.
2022-05-10 05:34:57,937 |     INFO | Epoch=277 done.
2022-05-10 05:35:39,530 |     INFO | Epoch=278 done.
2022-05-10 05:36:21,305 |     INFO | Epoch=279 done.
2022-05-10 05:37:02,795 |     INFO | Epoch=280 done.
2022-05-10 05:37:44,388 |     INFO | Epoch=281 done.
2022-05-10 05:38:25,943 |     INFO | Epoch=282 done.
2022-05-10 05:39:07,576 |     INFO | Epoch=283 done.
2022-05-10 05:39:49,167 |     INFO | Epoch=284 done.
2022-05-10 05:40:30,746 |     INFO | Epoch=285 done.
2022-05-10 05:41:12,372 |     INFO | Epoch=286 done.
2022-05-10 05:41:54,179 |     INFO | Epoch=287 done.
2022-05-10 05:42:35,657 |     INFO | Epoch=288 done.
2022-05-10 05:43:17,264 |     INFO | Epoch=289 done.
2022-05-10 05:43:58,854 |     INFO | Epoch=290 done.
2022-05-10 05:44:40,552 |     INFO | Epoch=291 done.
2022-05-10 05:45:22,236 |     INFO | Epoch=292 done.
2022-05-10 05:46:03,822 |     INFO | Epoch=293 done.
2022-05-10 05:46:45,369 |     INFO | Epoch=294 done.
2022-05-10 05:47:27,097 |     INFO | Epoch=295 done.
2022-05-10 05:48:08,654 |     INFO | Epoch=296 done.
2022-05-10 05:48:50,100 |     INFO | Epoch=297 done.
2022-05-10 05:49:31,748 |     INFO | Epoch=298 done.
2022-05-10 05:50:13,502 |     INFO | Epoch=299 done.
2022-05-10 05:50:55,056 |     INFO | Epoch=300 done.
2022-05-10 05:51:36,698 |     INFO | Epoch=301 done.
2022-05-10 05:52:18,345 |     INFO | Epoch=302 done.
2022-05-10 05:53:00,052 |     INFO | Epoch=303 done.
2022-05-10 05:53:41,605 |     INFO | Epoch=304 done.
2022-05-10 05:54:23,156 |     INFO | Epoch=305 done.
2022-05-10 05:55:04,649 |     INFO | Epoch=306 done.
2022-05-10 05:55:46,418 |     INFO | Epoch=307 done.
2022-05-10 05:56:27,955 |     INFO | Epoch=308 done.
2022-05-10 05:57:09,597 |     INFO | Epoch=309 done.
2022-05-10 05:57:51,258 |     INFO | Epoch=310 done.
2022-05-10 05:58:33,006 |     INFO | Epoch=311 done.
2022-05-10 05:59:14,535 |     INFO | Epoch=312 done.
2022-05-10 05:59:56,138 |     INFO | Epoch=313 done.
2022-05-10 06:00:37,657 |     INFO | Epoch=314 done.
2022-05-10 06:01:19,484 |     INFO | Epoch=315 done.
2022-05-10 06:02:01,106 |     INFO | Epoch=316 done.
2022-05-10 06:02:42,690 |     INFO | Epoch=317 done.
2022-05-10 06:03:24,387 |     INFO | Epoch=318 done.
2022-05-10 06:04:06,129 |     INFO | Epoch=319 done.
2022-05-10 06:04:47,713 |     INFO | Epoch=320 done.
2022-05-10 06:05:29,368 |     INFO | Epoch=321 done.
2022-05-10 06:06:10,960 |     INFO | Epoch=322 done.
2022-05-10 06:06:52,804 |     INFO | Epoch=323 done.
2022-05-10 06:07:34,539 |     INFO | Epoch=324 done.
2022-05-10 06:08:16,119 |     INFO | Epoch=325 done.
2022-05-10 06:08:57,784 |     INFO | Epoch=326 done.
2022-05-10 06:09:39,558 |     INFO | Epoch=327 done.
2022-05-10 06:10:21,154 |     INFO | Epoch=328 done.
2022-05-10 06:11:02,814 |     INFO | Epoch=329 done.
2022-05-10 06:11:44,354 |     INFO | Epoch=330 done.
2022-05-10 06:12:26,151 |     INFO | Epoch=331 done.
2022-05-10 06:13:07,824 |     INFO | Epoch=332 done.
2022-05-10 06:13:49,384 |     INFO | Epoch=333 done.
2022-05-10 06:14:31,103 |     INFO | Epoch=334 done.
2022-05-10 06:15:12,918 |     INFO | Epoch=335 done.
2022-05-10 06:15:54,500 |     INFO | Epoch=336 done.
2022-05-10 06:16:36,173 |     INFO | Epoch=337 done.
2022-05-10 06:17:17,737 |     INFO | Epoch=338 done.
2022-05-10 06:17:59,611 |     INFO | Epoch=339 done.
2022-05-10 06:18:41,287 |     INFO | Epoch=340 done.
2022-05-10 06:19:22,802 |     INFO | Epoch=341 done.
2022-05-10 06:20:04,418 |     INFO | Epoch=342 done.
2022-05-10 06:20:46,202 |     INFO | Epoch=343 done.
2022-05-10 06:21:27,862 |     INFO | Epoch=344 done.
2022-05-10 06:22:09,547 |     INFO | Epoch=345 done.
2022-05-10 06:22:51,057 |     INFO | Epoch=346 done.
2022-05-10 06:23:32,887 |     INFO | Epoch=347 done.
2022-05-10 06:24:14,567 |     INFO | Epoch=348 done.
2022-05-10 06:24:56,219 |     INFO | Epoch=349 done.
2022-05-10 06:25:37,926 |     INFO | Epoch=350 done.
2022-05-10 06:26:19,731 |     INFO | Epoch=351 done.
2022-05-10 06:27:01,282 |     INFO | Epoch=352 done.
2022-05-10 06:27:42,928 |     INFO | Epoch=353 done.
2022-05-10 06:28:24,575 |     INFO | Epoch=354 done.
2022-05-10 06:29:06,395 |     INFO | Epoch=355 done.
2022-05-10 06:29:48,114 |     INFO | Epoch=356 done.
2022-05-10 06:30:29,682 |     INFO | Epoch=357 done.
2022-05-10 06:31:11,347 |     INFO | Epoch=358 done.
2022-05-10 06:31:53,282 |     INFO | Epoch=359 done.
2022-05-10 06:32:34,878 |     INFO | Epoch=360 done.
2022-05-10 06:33:16,558 |     INFO | Epoch=361 done.
2022-05-10 06:33:58,239 |     INFO | Epoch=362 done.
2022-05-10 06:34:40,015 |     INFO | Epoch=363 done.
2022-05-10 06:35:21,698 |     INFO | Epoch=364 done.
2022-05-10 06:36:03,418 |     INFO | Epoch=365 done.
2022-05-10 06:36:45,012 |     INFO | Epoch=366 done.
2022-05-10 06:37:26,920 |     INFO | Epoch=367 done.
2022-05-10 06:38:08,667 |     INFO | Epoch=368 done.
2022-05-10 06:38:50,287 |     INFO | Epoch=369 done.
2022-05-10 06:39:31,959 |     INFO | Epoch=370 done.
2022-05-10 06:40:13,905 |     INFO | Epoch=371 done.
2022-05-10 06:40:55,491 |     INFO | Epoch=372 done.
2022-05-10 06:41:37,208 |     INFO | Epoch=373 done.
2022-05-10 06:42:18,914 |     INFO | Epoch=374 done.
2022-05-10 06:43:00,792 |     INFO | Epoch=375 done.
2022-05-10 06:43:42,555 |     INFO | Epoch=376 done.
2022-05-10 06:44:24,157 |     INFO | Epoch=377 done.
2022-05-10 06:45:05,881 |     INFO | Epoch=378 done.
2022-05-10 06:45:47,748 |     INFO | Epoch=379 done.
2022-05-10 06:46:29,317 |     INFO | Epoch=380 done.
2022-05-10 06:47:11,061 |     INFO | Epoch=381 done.
2022-05-10 06:47:52,663 |     INFO | Epoch=382 done.
2022-05-10 06:48:34,476 |     INFO | Epoch=383 done.
2022-05-10 06:49:16,177 |     INFO | Epoch=384 done.
2022-05-10 06:49:57,725 |     INFO | Epoch=385 done.
2022-05-10 06:50:39,445 |     INFO | Epoch=386 done.
2022-05-10 06:51:21,403 |     INFO | Epoch=387 done.
2022-05-10 06:52:03,030 |     INFO | Epoch=388 done.
2022-05-10 06:52:44,771 |     INFO | Epoch=389 done.
2022-05-10 06:53:26,450 |     INFO | Epoch=390 done.
2022-05-10 06:54:08,319 |     INFO | Epoch=391 done.
2022-05-10 06:54:50,071 |     INFO | Epoch=392 done.
2022-05-10 06:55:31,685 |     INFO | Epoch=393 done.
2022-05-10 06:56:13,446 |     INFO | Epoch=394 done.
2022-05-10 06:56:55,286 |     INFO | Epoch=395 done.
2022-05-10 06:57:36,889 |     INFO | Epoch=396 done.
2022-05-10 06:58:18,703 |     INFO | Epoch=397 done.
2022-05-10 06:59:00,346 |     INFO | Epoch=398 done.
2022-05-10 06:59:42,294 |     INFO | Epoch=399 done.
2022-05-10 07:00:24,024 |     INFO | Epoch=400 done.
2022-05-10 07:01:05,589 |     INFO | Epoch=401 done.
2022-05-10 07:01:47,392 |     INFO | Epoch=402 done.
2022-05-10 07:02:29,340 |     INFO | Epoch=403 done.
2022-05-10 07:03:10,964 |     INFO | Epoch=404 done.
2022-05-10 07:03:52,798 |     INFO | Epoch=405 done.
2022-05-10 07:04:34,558 |     INFO | Epoch=406 done.
2022-05-10 07:05:16,362 |     INFO | Epoch=407 done.
2022-05-10 07:05:58,137 |     INFO | Epoch=408 done.
2022-05-10 07:06:39,805 |     INFO | Epoch=409 done.
2022-05-10 07:07:21,433 |     INFO | Epoch=410 done.
2022-05-10 07:08:03,320 |     INFO | Epoch=411 done.
2022-05-10 07:08:45,021 |     INFO | Epoch=412 done.
2022-05-10 07:09:26,686 |     INFO | Epoch=413 done.
2022-05-10 07:10:08,437 |     INFO | Epoch=414 done.
2022-05-10 07:10:50,306 |     INFO | Epoch=415 done.
2022-05-10 07:11:32,004 |     INFO | Epoch=416 done.
2022-05-10 07:12:13,759 |     INFO | Epoch=417 done.
2022-05-10 07:12:55,454 |     INFO | Epoch=418 done.
2022-05-10 07:13:37,295 |     INFO | Epoch=419 done.
2022-05-10 07:14:19,117 |     INFO | Epoch=420 done.
2022-05-10 07:15:00,715 |     INFO | Epoch=421 done.
2022-05-10 07:15:42,441 |     INFO | Epoch=422 done.
2022-05-10 07:16:24,419 |     INFO | Epoch=423 done.
2022-05-10 07:17:06,033 |     INFO | Epoch=424 done.
2022-05-10 07:17:47,821 |     INFO | Epoch=425 done.
2022-05-10 07:18:29,656 |     INFO | Epoch=426 done.
2022-05-10 07:19:11,447 |     INFO | Epoch=427 done.
2022-05-10 07:19:53,191 |     INFO | Epoch=428 done.
2022-05-10 07:20:34,978 |     INFO | Epoch=429 done.
2022-05-10 07:21:16,612 |     INFO | Epoch=430 done.
2022-05-10 07:21:58,533 |     INFO | Epoch=431 done.
2022-05-10 07:22:40,242 |     INFO | Epoch=432 done.
2022-05-10 07:23:21,943 |     INFO | Epoch=433 done.
2022-05-10 07:24:03,806 |     INFO | Epoch=434 done.
2022-05-10 07:24:45,692 |     INFO | Epoch=435 done.
2022-05-10 07:25:27,454 |     INFO | Epoch=436 done.
2022-05-10 07:26:09,243 |     INFO | Epoch=437 done.
2022-05-10 07:26:50,900 |     INFO | Epoch=438 done.
2022-05-10 07:27:32,926 |     INFO | Epoch=439 done.
2022-05-10 07:28:14,650 |     INFO | Epoch=440 done.
2022-05-10 07:28:56,355 |     INFO | Epoch=441 done.
2022-05-10 07:29:38,147 |     INFO | Epoch=442 done.
2022-05-10 07:30:19,932 |     INFO | Epoch=443 done.
2022-05-10 07:31:01,741 |     INFO | Epoch=444 done.
2022-05-10 07:31:43,569 |     INFO | Epoch=445 done.
2022-05-10 07:32:25,231 |     INFO | Epoch=446 done.
2022-05-10 07:33:07,192 |     INFO | Epoch=447 done.
2022-05-10 07:33:48,835 |     INFO | Epoch=448 done.
2022-05-10 07:34:30,564 |     INFO | Epoch=449 done.
2022-05-10 07:35:12,407 |     INFO | Epoch=450 done.
2022-05-10 07:35:54,180 |     INFO | Epoch=451 done.
2022-05-10 07:36:36,006 |     INFO | Epoch=452 done.
2022-05-10 07:37:17,777 |     INFO | Epoch=453 done.
2022-05-10 07:37:59,544 |     INFO | Epoch=454 done.
2022-05-10 07:38:41,540 |     INFO | Epoch=455 done.
2022-05-10 07:39:23,205 |     INFO | Epoch=456 done.
2022-05-10 07:40:05,048 |     INFO | Epoch=457 done.
2022-05-10 07:40:46,870 |     INFO | Epoch=458 done.
2022-05-10 07:41:28,689 |     INFO | Epoch=459 done.
2022-05-10 07:42:10,408 |     INFO | Epoch=460 done.
2022-05-10 07:42:52,247 |     INFO | Epoch=461 done.
2022-05-10 07:43:33,878 |     INFO | Epoch=462 done.
2022-05-10 07:44:15,890 |     INFO | Epoch=463 done.
2022-05-10 07:44:57,730 |     INFO | Epoch=464 done.
2022-05-10 07:45:39,401 |     INFO | Epoch=465 done.
2022-05-10 07:46:21,172 |     INFO | Epoch=466 done.
2022-05-10 07:47:03,153 |     INFO | Epoch=467 done.
2022-05-10 07:47:44,892 |     INFO | Epoch=468 done.
2022-05-10 07:48:26,777 |     INFO | Epoch=469 done.
2022-05-10 07:49:08,566 |     INFO | Epoch=470 done.
2022-05-10 07:49:50,417 |     INFO | Epoch=471 done.
2022-05-10 07:50:32,253 |     INFO | Epoch=472 done.
2022-05-10 07:51:13,991 |     INFO | Epoch=473 done.
2022-05-10 07:51:55,739 |     INFO | Epoch=474 done.
2022-05-10 07:52:37,772 |     INFO | Epoch=475 done.
2022-05-10 07:53:19,523 |     INFO | Epoch=476 done.
2022-05-10 07:54:01,296 |     INFO | Epoch=477 done.
2022-05-10 07:54:43,146 |     INFO | Epoch=478 done.
2022-05-10 07:55:25,067 |     INFO | Epoch=479 done.
2022-05-10 07:56:06,834 |     INFO | Epoch=480 done.
2022-05-10 07:56:48,768 |     INFO | Epoch=481 done.
2022-05-10 07:57:30,458 |     INFO | Epoch=482 done.
2022-05-10 07:58:12,444 |     INFO | Epoch=483 done.
2022-05-10 07:58:54,272 |     INFO | Epoch=484 done.
2022-05-10 07:59:35,957 |     INFO | Epoch=485 done.
2022-05-10 08:00:17,793 |     INFO | Epoch=486 done.
2022-05-10 08:00:59,868 |     INFO | Epoch=487 done.
2022-05-10 08:01:41,563 |     INFO | Epoch=488 done.
2022-05-10 08:02:23,486 |     INFO | Epoch=489 done.
2022-05-10 08:03:05,225 |     INFO | Epoch=490 done.
2022-05-10 08:03:47,117 |     INFO | Epoch=491 done.
2022-05-10 08:04:29,016 |     INFO | Epoch=492 done.
2022-05-10 08:05:10,822 |     INFO | Epoch=493 done.
2022-05-10 08:05:52,600 |     INFO | Epoch=494 done.
2022-05-10 08:06:34,608 |     INFO | Epoch=495 done.
2022-05-10 08:07:16,319 |     INFO | Epoch=496 done.
2022-05-10 08:07:58,202 |     INFO | Epoch=497 done.
2022-05-10 08:08:40,039 |     INFO | Epoch=498 done.
2022-05-10 08:09:21,941 |     INFO | Epoch=499 done.
2022-05-10 08:10:03,465 |     INFO | Epoch=500 done.
2022-05-10 08:10:46,560 |     INFO | Epoch=501 done.
2022-05-10 08:11:28,345 |     INFO | Epoch=502 done.
2022-05-10 08:12:10,380 |     INFO | Epoch=503 done.
2022-05-10 08:12:51,997 |     INFO | Epoch=504 done.
2022-05-10 08:13:33,865 |     INFO | Epoch=505 done.
2022-05-10 08:14:15,650 |     INFO | Epoch=506 done.
2022-05-10 08:14:57,544 |     INFO | Epoch=507 done.
2022-05-10 08:15:39,362 |     INFO | Epoch=508 done.
2022-05-10 08:16:21,068 |     INFO | Epoch=509 done.
2022-05-10 08:17:02,870 |     INFO | Epoch=510 done.
2022-05-10 08:17:44,919 |     INFO | Epoch=511 done.
2022-05-10 08:18:26,531 |     INFO | Epoch=512 done.
2022-05-10 08:19:08,346 |     INFO | Epoch=513 done.
2022-05-10 08:19:50,213 |     INFO | Epoch=514 done.
2022-05-10 08:20:32,007 |     INFO | Epoch=515 done.
2022-05-10 08:21:13,841 |     INFO | Epoch=516 done.
2022-05-10 08:21:55,624 |     INFO | Epoch=517 done.
2022-05-10 08:22:37,330 |     INFO | Epoch=518 done.
2022-05-10 08:23:19,366 |     INFO | Epoch=519 done.
2022-05-10 08:24:01,062 |     INFO | Epoch=520 done.
2022-05-10 08:24:42,787 |     INFO | Epoch=521 done.
2022-05-10 08:25:24,641 |     INFO | Epoch=522 done.
2022-05-10 08:26:06,536 |     INFO | Epoch=523 done.
2022-05-10 08:26:48,284 |     INFO | Epoch=524 done.
2022-05-10 08:27:30,203 |     INFO | Epoch=525 done.
2022-05-10 08:28:11,852 |     INFO | Epoch=526 done.
2022-05-10 08:28:53,766 |     INFO | Epoch=527 done.
2022-05-10 08:29:35,591 |     INFO | Epoch=528 done.
2022-05-10 08:30:17,224 |     INFO | Epoch=529 done.
2022-05-10 08:30:59,151 |     INFO | Epoch=530 done.
2022-05-10 08:31:41,218 |     INFO | Epoch=531 done.
2022-05-10 08:32:22,873 |     INFO | Epoch=532 done.
2022-05-10 08:33:04,766 |     INFO | Epoch=533 done.
2022-05-10 08:33:46,631 |     INFO | Epoch=534 done.
2022-05-10 08:34:28,451 |     INFO | Epoch=535 done.
2022-05-10 08:35:10,226 |     INFO | Epoch=536 done.
2022-05-10 08:35:52,020 |     INFO | Epoch=537 done.
2022-05-10 08:36:33,728 |     INFO | Epoch=538 done.
2022-05-10 08:37:15,820 |     INFO | Epoch=539 done.
2022-05-10 08:37:57,626 |     INFO | Epoch=540 done.
2022-05-10 08:38:39,423 |     INFO | Epoch=541 done.
2022-05-10 08:39:21,327 |     INFO | Epoch=542 done.
2022-05-10 08:40:03,229 |     INFO | Epoch=543 done.
2022-05-10 08:40:45,011 |     INFO | Epoch=544 done.
2022-05-10 08:41:26,906 |     INFO | Epoch=545 done.
2022-05-10 08:42:08,679 |     INFO | Epoch=546 done.
2022-05-10 08:42:50,694 |     INFO | Epoch=547 done.
2022-05-10 08:43:32,630 |     INFO | Epoch=548 done.
2022-05-10 08:44:14,307 |     INFO | Epoch=549 done.
2022-05-10 08:44:56,172 |     INFO | Epoch=550 done.
2022-05-10 08:45:38,176 |     INFO | Epoch=551 done.
2022-05-10 08:46:19,847 |     INFO | Epoch=552 done.
2022-05-10 08:47:01,717 |     INFO | Epoch=553 done.
2022-05-10 08:47:43,489 |     INFO | Epoch=554 done.
2022-05-10 08:48:25,452 |     INFO | Epoch=555 done.
2022-05-10 08:49:07,377 |     INFO | Epoch=556 done.
2022-05-10 08:49:49,030 |     INFO | Epoch=557 done.
2022-05-10 08:50:30,943 |     INFO | Epoch=558 done.
2022-05-10 08:51:12,974 |     INFO | Epoch=559 done.
2022-05-10 08:51:54,710 |     INFO | Epoch=560 done.
2022-05-10 08:52:36,639 |     INFO | Epoch=561 done.
2022-05-10 08:53:18,388 |     INFO | Epoch=562 done.
2022-05-10 08:54:00,423 |     INFO | Epoch=563 done.
2022-05-10 08:54:42,325 |     INFO | Epoch=564 done.
2022-05-10 08:55:23,976 |     INFO | Epoch=565 done.
2022-05-10 08:56:05,907 |     INFO | Epoch=566 done.
2022-05-10 08:56:47,983 |     INFO | Epoch=567 done.
2022-05-10 08:57:29,731 |     INFO | Epoch=568 done.
2022-05-10 08:58:11,629 |     INFO | Epoch=569 done.
2022-05-10 08:58:53,433 |     INFO | Epoch=570 done.
2022-05-10 08:59:35,341 |     INFO | Epoch=571 done.
2022-05-10 09:00:17,179 |     INFO | Epoch=572 done.
2022-05-10 09:00:58,990 |     INFO | Epoch=573 done.
2022-05-10 09:01:40,794 |     INFO | Epoch=574 done.
2022-05-10 09:02:22,883 |     INFO | Epoch=575 done.
2022-05-10 09:03:04,603 |     INFO | Epoch=576 done.
2022-05-10 09:03:46,455 |     INFO | Epoch=577 done.
2022-05-10 09:04:28,457 |     INFO | Epoch=578 done.
2022-05-10 09:05:10,364 |     INFO | Epoch=579 done.
2022-05-10 09:05:52,254 |     INFO | Epoch=580 done.
2022-05-10 09:06:34,182 |     INFO | Epoch=581 done.
2022-05-10 09:07:15,870 |     INFO | Epoch=582 done.
2022-05-10 09:07:57,985 |     INFO | Epoch=583 done.
2022-05-10 09:08:39,855 |     INFO | Epoch=584 done.
2022-05-10 09:09:21,606 |     INFO | Epoch=585 done.
2022-05-10 09:10:03,568 |     INFO | Epoch=586 done.
2022-05-10 09:10:45,552 |     INFO | Epoch=587 done.
2022-05-10 09:11:27,303 |     INFO | Epoch=588 done.
2022-05-10 09:12:09,258 |     INFO | Epoch=589 done.
2022-05-10 09:12:51,085 |     INFO | Epoch=590 done.
2022-05-10 09:13:33,060 |     INFO | Epoch=591 done.
2022-05-10 09:14:15,050 |     INFO | Epoch=592 done.
2022-05-10 09:14:56,813 |     INFO | Epoch=593 done.
2022-05-10 09:15:38,658 |     INFO | Epoch=594 done.
2022-05-10 09:16:20,782 |     INFO | Epoch=595 done.
2022-05-10 09:17:02,512 |     INFO | Epoch=596 done.
2022-05-10 09:17:44,424 |     INFO | Epoch=597 done.
2022-05-10 09:18:26,343 |     INFO | Epoch=598 done.
2022-05-10 09:19:08,185 |     INFO | Epoch=599 done.
2022-05-10 09:19:50,141 |     INFO | Epoch=600 done.
2022-05-10 09:20:32,069 |     INFO | Epoch=601 done.
2022-05-10 09:21:13,767 |     INFO | Epoch=602 done.
2022-05-10 09:21:56,045 |     INFO | Epoch=603 done.
2022-05-10 09:22:37,837 |     INFO | Epoch=604 done.
2022-05-10 09:23:19,533 |     INFO | Epoch=605 done.
2022-05-10 09:24:01,513 |     INFO | Epoch=606 done.
2022-05-10 09:24:43,393 |     INFO | Epoch=607 done.
2022-05-10 09:25:25,293 |     INFO | Epoch=608 done.
2022-05-10 09:26:07,233 |     INFO | Epoch=609 done.
2022-05-10 09:26:48,947 |     INFO | Epoch=610 done.
2022-05-10 09:27:31,127 |     INFO | Epoch=611 done.
2022-05-10 09:28:12,908 |     INFO | Epoch=612 done.
2022-05-10 09:28:54,773 |     INFO | Epoch=613 done.
2022-05-10 09:29:36,733 |     INFO | Epoch=614 done.
2022-05-10 09:30:18,603 |     INFO | Epoch=615 done.
2022-05-10 09:31:00,576 |     INFO | Epoch=616 done.
2022-05-10 09:31:42,413 |     INFO | Epoch=617 done.
2022-05-10 09:32:24,224 |     INFO | Epoch=618 done.
2022-05-10 09:33:06,324 |     INFO | Epoch=619 done.
2022-05-10 09:33:48,068 |     INFO | Epoch=620 done.
2022-05-10 09:34:29,986 |     INFO | Epoch=621 done.
2022-05-10 09:35:11,862 |     INFO | Epoch=622 done.
2022-05-10 09:35:53,827 |     INFO | Epoch=623 done.
2022-05-10 09:36:35,749 |     INFO | Epoch=624 done.
2022-05-10 09:37:17,501 |     INFO | Epoch=625 done.
2022-05-10 09:37:59,432 |     INFO | Epoch=626 done.
2022-05-10 09:38:41,469 |     INFO | Epoch=627 done.
2022-05-10 09:39:23,230 |     INFO | Epoch=628 done.
2022-05-10 09:40:05,204 |     INFO | Epoch=629 done.
2022-05-10 09:40:46,947 |     INFO | Epoch=630 done.
2022-05-10 09:41:29,008 |     INFO | Epoch=631 done.
2022-05-10 09:42:10,957 |     INFO | Epoch=632 done.
2022-05-10 09:42:52,669 |     INFO | Epoch=633 done.
2022-05-10 09:43:34,638 |     INFO | Epoch=634 done.
2022-05-10 09:44:16,675 |     INFO | Epoch=635 done.
2022-05-10 09:44:58,470 |     INFO | Epoch=636 done.
2022-05-10 09:45:40,461 |     INFO | Epoch=637 done.
2022-05-10 09:46:22,188 |     INFO | Epoch=638 done.
2022-05-10 09:47:04,344 |     INFO | Epoch=639 done.
2022-05-10 09:47:46,288 |     INFO | Epoch=640 done.
2022-05-10 09:48:28,070 |     INFO | Epoch=641 done.
2022-05-10 09:49:10,059 |     INFO | Epoch=642 done.
2022-05-10 09:49:52,008 |     INFO | Epoch=643 done.
2022-05-10 09:50:33,880 |     INFO | Epoch=644 done.
2022-05-10 09:51:16,057 |     INFO | Epoch=645 done.
2022-05-10 09:51:57,823 |     INFO | Epoch=646 done.
2022-05-10 09:52:40,004 |     INFO | Epoch=647 done.
2022-05-10 09:53:21,790 |     INFO | Epoch=648 done.
2022-05-10 09:54:03,630 |     INFO | Epoch=649 done.
2022-05-10 09:54:45,595 |     INFO | Epoch=650 done.
2022-05-10 09:55:27,495 |     INFO | Epoch=651 done.
2022-05-10 09:56:09,477 |     INFO | Epoch=652 done.
2022-05-10 09:56:51,403 |     INFO | Epoch=653 done.
2022-05-10 09:57:33,139 |     INFO | Epoch=654 done.
2022-05-10 09:58:15,359 |     INFO | Epoch=655 done.
2022-05-10 09:58:57,114 |     INFO | Epoch=656 done.
2022-05-10 09:59:38,955 |     INFO | Epoch=657 done.
2022-05-10 10:00:20,924 |     INFO | Epoch=658 done.
2022-05-10 10:01:02,861 |     INFO | Epoch=659 done.
2022-05-10 10:01:44,915 |     INFO | Epoch=660 done.
2022-05-10 10:02:26,778 |     INFO | Epoch=661 done.
2022-05-10 10:03:08,610 |     INFO | Epoch=662 done.
2022-05-10 10:03:50,823 |     INFO | Epoch=663 done.
2022-05-10 10:04:32,560 |     INFO | Epoch=664 done.
2022-05-10 10:05:14,529 |     INFO | Epoch=665 done.
2022-05-10 10:05:56,468 |     INFO | Epoch=666 done.
2022-05-10 10:06:38,480 |     INFO | Epoch=667 done.
2022-05-10 10:07:20,517 |     INFO | Epoch=668 done.
2022-05-10 10:08:02,363 |     INFO | Epoch=669 done.
2022-05-10 10:08:44,277 |     INFO | Epoch=670 done.
2022-05-10 10:09:26,487 |     INFO | Epoch=671 done.
2022-05-10 10:10:08,174 |     INFO | Epoch=672 done.
2022-05-10 10:10:50,214 |     INFO | Epoch=673 done.
2022-05-10 10:11:32,062 |     INFO | Epoch=674 done.
2022-05-10 10:12:14,095 |     INFO | Epoch=675 done.
2022-05-10 10:12:56,092 |     INFO | Epoch=676 done.
2022-05-10 10:13:37,836 |     INFO | Epoch=677 done.
2022-05-10 10:14:19,750 |     INFO | Epoch=678 done.
2022-05-10 10:15:01,807 |     INFO | Epoch=679 done.
2022-05-10 10:15:43,572 |     INFO | Epoch=680 done.
2022-05-10 10:16:25,606 |     INFO | Epoch=681 done.
2022-05-10 10:17:07,502 |     INFO | Epoch=682 done.
2022-05-10 10:17:49,610 |     INFO | Epoch=683 done.
2022-05-10 10:18:31,608 |     INFO | Epoch=684 done.
2022-05-10 10:19:13,380 |     INFO | Epoch=685 done.
2022-05-10 10:19:55,444 |     INFO | Epoch=686 done.
2022-05-10 10:20:37,624 |     INFO | Epoch=687 done.
2022-05-10 10:21:19,429 |     INFO | Epoch=688 done.
2022-05-10 10:22:01,433 |     INFO | Epoch=689 done.
2022-05-10 10:22:43,267 |     INFO | Epoch=690 done.
2022-05-10 10:23:25,287 |     INFO | Epoch=691 done.
2022-05-10 10:24:07,347 |     INFO | Epoch=692 done.
2022-05-10 10:24:49,148 |     INFO | Epoch=693 done.
2022-05-10 10:25:31,178 |     INFO | Epoch=694 done.
2022-05-10 10:26:13,225 |     INFO | Epoch=695 done.
2022-05-10 10:26:55,103 |     INFO | Epoch=696 done.
2022-05-10 10:27:37,119 |     INFO | Epoch=697 done.
2022-05-10 10:28:18,878 |     INFO | Epoch=698 done.
2022-05-10 10:29:01,035 |     INFO | Epoch=699 done.
2022-05-10 10:29:42,991 |     INFO | Epoch=700 done.
2022-05-10 10:30:24,777 |     INFO | Epoch=701 done.
2022-05-10 10:31:06,779 |     INFO | Epoch=702 done.
2022-05-10 10:31:48,671 |     INFO | Epoch=703 done.
2022-05-10 10:32:30,522 |     INFO | Epoch=704 done.
2022-05-10 10:33:12,427 |     INFO | Epoch=705 done.
2022-05-10 10:33:54,128 |     INFO | Epoch=706 done.
2022-05-10 10:34:36,178 |     INFO | Epoch=707 done.
2022-05-10 10:35:17,931 |     INFO | Epoch=708 done.
2022-05-10 10:35:59,671 |     INFO | Epoch=709 done.
2022-05-10 10:36:41,451 |     INFO | Epoch=710 done.
2022-05-10 10:37:23,207 |     INFO | Epoch=711 done.
2022-05-10 10:38:04,985 |     INFO | Epoch=712 done.
2022-05-10 10:38:46,701 |     INFO | Epoch=713 done.
2022-05-10 10:39:28,342 |     INFO | Epoch=714 done.
2022-05-10 10:40:10,226 |     INFO | Epoch=715 done.
2022-05-10 10:40:51,808 |     INFO | Epoch=716 done.
2022-05-10 10:41:33,560 |     INFO | Epoch=717 done.
2022-05-10 10:42:15,314 |     INFO | Epoch=718 done.
2022-05-10 10:42:57,046 |     INFO | Epoch=719 done.
2022-05-10 10:43:38,674 |     INFO | Epoch=720 done.
2022-05-10 10:44:20,196 |     INFO | Epoch=721 done.
2022-05-10 10:45:01,868 |     INFO | Epoch=722 done.
2022-05-10 10:45:43,674 |     INFO | Epoch=723 done.
2022-05-10 10:46:25,255 |     INFO | Epoch=724 done.
2022-05-10 10:47:06,898 |     INFO | Epoch=725 done.
2022-05-10 10:47:48,426 |     INFO | Epoch=726 done.
2022-05-10 10:48:30,124 |     INFO | Epoch=727 done.
2022-05-10 10:49:11,650 |     INFO | Epoch=728 done.
2022-05-10 10:49:53,105 |     INFO | Epoch=729 done.
2022-05-10 10:50:34,624 |     INFO | Epoch=730 done.
2022-05-10 10:51:16,242 |     INFO | Epoch=731 done.
2022-05-10 10:51:57,734 |     INFO | Epoch=732 done.
2022-05-10 10:52:39,200 |     INFO | Epoch=733 done.
2022-05-10 10:53:20,602 |     INFO | Epoch=734 done.
2022-05-10 10:54:02,247 |     INFO | Epoch=735 done.
2022-05-10 10:54:43,705 |     INFO | Epoch=736 done.
2022-05-10 10:55:25,169 |     INFO | Epoch=737 done.
2022-05-10 10:56:06,553 |     INFO | Epoch=738 done.
2022-05-10 10:56:48,205 |     INFO | Epoch=739 done.
2022-05-10 10:57:29,605 |     INFO | Epoch=740 done.
2022-05-10 10:58:11,141 |     INFO | Epoch=741 done.
2022-05-10 10:58:52,579 |     INFO | Epoch=742 done.
2022-05-10 10:59:34,214 |     INFO | Epoch=743 done.
2022-05-10 11:00:15,720 |     INFO | Epoch=744 done.
2022-05-10 11:00:57,176 |     INFO | Epoch=745 done.
2022-05-10 11:01:38,608 |     INFO | Epoch=746 done.
2022-05-10 11:02:20,253 |     INFO | Epoch=747 done.
2022-05-10 11:03:01,762 |     INFO | Epoch=748 done.
2022-05-10 11:03:43,259 |     INFO | Epoch=749 done.
2022-05-10 11:04:24,757 |     INFO | Epoch=750 done.
2022-05-10 11:05:06,435 |     INFO | Epoch=751 done.
2022-05-10 11:05:47,967 |     INFO | Epoch=752 done.
2022-05-10 11:06:29,374 |     INFO | Epoch=753 done.
2022-05-10 11:07:10,905 |     INFO | Epoch=754 done.
2022-05-10 11:07:52,510 |     INFO | Epoch=755 done.
2022-05-10 11:08:34,018 |     INFO | Epoch=756 done.
2022-05-10 11:09:15,499 |     INFO | Epoch=757 done.
2022-05-10 11:09:56,970 |     INFO | Epoch=758 done.
2022-05-10 11:10:38,682 |     INFO | Epoch=759 done.
2022-05-10 11:11:20,140 |     INFO | Epoch=760 done.
2022-05-10 11:12:01,618 |     INFO | Epoch=761 done.
2022-05-10 11:12:43,152 |     INFO | Epoch=762 done.
2022-05-10 11:13:24,837 |     INFO | Epoch=763 done.
2022-05-10 11:14:06,312 |     INFO | Epoch=764 done.
2022-05-10 11:14:47,796 |     INFO | Epoch=765 done.
2022-05-10 11:15:29,303 |     INFO | Epoch=766 done.
2022-05-10 11:16:10,988 |     INFO | Epoch=767 done.
2022-05-10 11:16:52,476 |     INFO | Epoch=768 done.
2022-05-10 11:17:34,012 |     INFO | Epoch=769 done.
2022-05-10 11:18:15,492 |     INFO | Epoch=770 done.
2022-05-10 11:18:57,136 |     INFO | Epoch=771 done.
2022-05-10 11:19:38,692 |     INFO | Epoch=772 done.
2022-05-10 11:20:20,186 |     INFO | Epoch=773 done.
2022-05-10 11:21:01,675 |     INFO | Epoch=774 done.
2022-05-10 11:21:43,385 |     INFO | Epoch=775 done.
2022-05-10 11:22:24,814 |     INFO | Epoch=776 done.
2022-05-10 11:23:06,289 |     INFO | Epoch=777 done.
2022-05-10 11:23:47,786 |     INFO | Epoch=778 done.
2022-05-10 11:24:29,532 |     INFO | Epoch=779 done.
2022-05-10 11:25:11,007 |     INFO | Epoch=780 done.
2022-05-10 11:25:52,445 |     INFO | Epoch=781 done.
2022-05-10 11:26:33,937 |     INFO | Epoch=782 done.
2022-05-10 11:27:15,615 |     INFO | Epoch=783 done.
2022-05-10 11:27:57,161 |     INFO | Epoch=784 done.
2022-05-10 11:28:38,708 |     INFO | Epoch=785 done.
2022-05-10 11:29:20,154 |     INFO | Epoch=786 done.
2022-05-10 11:30:01,892 |     INFO | Epoch=787 done.
2022-05-10 11:30:43,396 |     INFO | Epoch=788 done.
2022-05-10 11:31:24,996 |     INFO | Epoch=789 done.
2022-05-10 11:32:06,547 |     INFO | Epoch=790 done.
2022-05-10 11:32:48,181 |     INFO | Epoch=791 done.
2022-05-10 11:33:29,723 |     INFO | Epoch=792 done.
2022-05-10 11:34:11,256 |     INFO | Epoch=793 done.
2022-05-10 11:34:52,748 |     INFO | Epoch=794 done.
2022-05-10 11:35:34,467 |     INFO | Epoch=795 done.
2022-05-10 11:36:15,983 |     INFO | Epoch=796 done.
2022-05-10 11:36:57,531 |     INFO | Epoch=797 done.
2022-05-10 11:37:39,009 |     INFO | Epoch=798 done.
2022-05-10 11:38:20,710 |     INFO | Epoch=799 done.
2022-05-10 11:39:02,251 |     INFO | Epoch=800 done.
2022-05-10 11:39:43,796 |     INFO | Epoch=801 done.
2022-05-10 11:40:25,291 |     INFO | Epoch=802 done.
2022-05-10 11:41:07,040 |     INFO | Epoch=803 done.
2022-05-10 11:41:48,541 |     INFO | Epoch=804 done.
2022-05-10 11:42:30,067 |     INFO | Epoch=805 done.
2022-05-10 11:43:11,626 |     INFO | Epoch=806 done.
2022-05-10 11:43:53,321 |     INFO | Epoch=807 done.
2022-05-10 11:44:34,913 |     INFO | Epoch=808 done.
2022-05-10 11:45:16,445 |     INFO | Epoch=809 done.
2022-05-10 11:45:57,991 |     INFO | Epoch=810 done.
2022-05-10 11:46:39,715 |     INFO | Epoch=811 done.
2022-05-10 11:47:21,256 |     INFO | Epoch=812 done.
2022-05-10 11:48:02,836 |     INFO | Epoch=813 done.
2022-05-10 11:48:44,407 |     INFO | Epoch=814 done.
2022-05-10 11:49:26,084 |     INFO | Epoch=815 done.
2022-05-10 11:50:07,635 |     INFO | Epoch=816 done.
2022-05-10 11:50:49,127 |     INFO | Epoch=817 done.
2022-05-10 11:51:30,692 |     INFO | Epoch=818 done.
2022-05-10 11:52:12,460 |     INFO | Epoch=819 done.
2022-05-10 11:52:53,971 |     INFO | Epoch=820 done.
2022-05-10 11:53:35,586 |     INFO | Epoch=821 done.
2022-05-10 11:54:17,181 |     INFO | Epoch=822 done.
2022-05-10 11:54:58,888 |     INFO | Epoch=823 done.
2022-05-10 11:55:40,476 |     INFO | Epoch=824 done.
2022-05-10 11:56:21,988 |     INFO | Epoch=825 done.
2022-05-10 11:57:03,587 |     INFO | Epoch=826 done.
2022-05-10 11:57:45,354 |     INFO | Epoch=827 done.
2022-05-10 11:58:26,873 |     INFO | Epoch=828 done.
2022-05-10 11:59:08,462 |     INFO | Epoch=829 done.
2022-05-10 11:59:50,026 |     INFO | Epoch=830 done.
2022-05-10 12:00:31,719 |     INFO | Epoch=831 done.
2022-05-10 12:01:13,301 |     INFO | Epoch=832 done.
2022-05-10 12:01:54,782 |     INFO | Epoch=833 done.
2022-05-10 12:02:36,386 |     INFO | Epoch=834 done.
2022-05-10 12:03:18,187 |     INFO | Epoch=835 done.
2022-05-10 12:03:59,717 |     INFO | Epoch=836 done.
2022-05-10 12:04:41,321 |     INFO | Epoch=837 done.
2022-05-10 12:05:22,940 |     INFO | Epoch=838 done.
2022-05-10 12:06:04,649 |     INFO | Epoch=839 done.
2022-05-10 12:06:46,286 |     INFO | Epoch=840 done.
2022-05-10 12:07:27,788 |     INFO | Epoch=841 done.
2022-05-10 12:08:09,366 |     INFO | Epoch=842 done.
2022-05-10 12:08:50,995 |     INFO | Epoch=843 done.
2022-05-10 12:09:32,520 |     INFO | Epoch=844 done.
2022-05-10 12:10:14,144 |     INFO | Epoch=845 done.
2022-05-10 12:10:55,613 |     INFO | Epoch=846 done.
2022-05-10 12:11:37,424 |     INFO | Epoch=847 done.
2022-05-10 12:12:19,059 |     INFO | Epoch=848 done.
2022-05-10 12:13:00,535 |     INFO | Epoch=849 done.
2022-05-10 12:13:42,209 |     INFO | Epoch=850 done.
2022-05-10 12:14:23,970 |     INFO | Epoch=851 done.
2022-05-10 12:15:05,536 |     INFO | Epoch=852 done.
2022-05-10 12:15:47,146 |     INFO | Epoch=853 done.
2022-05-10 12:16:28,670 |     INFO | Epoch=854 done.
2022-05-10 12:17:10,444 |     INFO | Epoch=855 done.
2022-05-10 12:17:52,094 |     INFO | Epoch=856 done.
2022-05-10 12:18:33,623 |     INFO | Epoch=857 done.
2022-05-10 12:19:15,299 |     INFO | Epoch=858 done.
2022-05-10 12:19:57,093 |     INFO | Epoch=859 done.
2022-05-10 12:20:38,633 |     INFO | Epoch=860 done.
2022-05-10 12:21:20,300 |     INFO | Epoch=861 done.
2022-05-10 12:22:01,886 |     INFO | Epoch=862 done.
2022-05-10 12:22:43,637 |     INFO | Epoch=863 done.
2022-05-10 12:23:25,281 |     INFO | Epoch=864 done.
2022-05-10 12:24:06,843 |     INFO | Epoch=865 done.
2022-05-10 12:24:48,490 |     INFO | Epoch=866 done.
2022-05-10 12:25:30,326 |     INFO | Epoch=867 done.
2022-05-10 12:26:11,897 |     INFO | Epoch=868 done.
2022-05-10 12:26:53,568 |     INFO | Epoch=869 done.
2022-05-10 12:27:35,160 |     INFO | Epoch=870 done.
2022-05-10 12:28:16,941 |     INFO | Epoch=871 done.
2022-05-10 12:28:58,550 |     INFO | Epoch=872 done.
2022-05-10 12:29:40,080 |     INFO | Epoch=873 done.
2022-05-10 12:30:21,775 |     INFO | Epoch=874 done.
2022-05-10 12:31:03,499 |     INFO | Epoch=875 done.
2022-05-10 12:31:45,097 |     INFO | Epoch=876 done.
2022-05-10 12:32:26,690 |     INFO | Epoch=877 done.
2022-05-10 12:33:08,257 |     INFO | Epoch=878 done.
2022-05-10 12:33:50,097 |     INFO | Epoch=879 done.
2022-05-10 12:34:33,762 |     INFO | Epoch=880 done.
2022-05-10 12:35:15,342 |     INFO | Epoch=881 done.
2022-05-10 12:35:57,001 |     INFO | Epoch=882 done.
2022-05-10 12:36:38,842 |     INFO | Epoch=883 done.
2022-05-10 12:37:20,382 |     INFO | Epoch=884 done.
2022-05-10 12:38:02,082 |     INFO | Epoch=885 done.
2022-05-10 12:38:43,652 |     INFO | Epoch=886 done.
2022-05-10 12:39:25,519 |     INFO | Epoch=887 done.
2022-05-10 12:40:07,164 |     INFO | Epoch=888 done.
2022-05-10 12:40:48,744 |     INFO | Epoch=889 done.
2022-05-10 12:41:30,455 |     INFO | Epoch=890 done.
2022-05-10 12:42:12,211 |     INFO | Epoch=891 done.
2022-05-10 12:42:53,865 |     INFO | Epoch=892 done.
2022-05-10 12:43:35,535 |     INFO | Epoch=893 done.
2022-05-10 12:44:17,095 |     INFO | Epoch=894 done.
2022-05-10 12:44:58,963 |     INFO | Epoch=895 done.
2022-05-10 12:45:40,583 |     INFO | Epoch=896 done.
2022-05-10 12:46:22,240 |     INFO | Epoch=897 done.
2022-05-10 12:47:03,948 |     INFO | Epoch=898 done.
2022-05-10 12:47:45,741 |     INFO | Epoch=899 done.
2022-05-10 12:48:27,381 |     INFO | Epoch=900 done.
2022-05-10 12:49:09,079 |     INFO | Epoch=901 done.
2022-05-10 12:49:50,688 |     INFO | Epoch=902 done.
2022-05-10 12:50:32,527 |     INFO | Epoch=903 done.
2022-05-10 12:51:14,241 |     INFO | Epoch=904 done.
2022-05-10 12:51:55,796 |     INFO | Epoch=905 done.
2022-05-10 12:52:37,446 |     INFO | Epoch=906 done.
2022-05-10 12:53:19,295 |     INFO | Epoch=907 done.
2022-05-10 12:54:00,842 |     INFO | Epoch=908 done.
2022-05-10 12:54:42,570 |     INFO | Epoch=909 done.
2022-05-10 12:55:24,107 |     INFO | Epoch=910 done.
2022-05-10 12:56:06,035 |     INFO | Epoch=911 done.
2022-05-10 12:56:47,778 |     INFO | Epoch=912 done.
2022-05-10 12:57:29,360 |     INFO | Epoch=913 done.
2022-05-10 12:58:11,050 |     INFO | Epoch=914 done.
2022-05-10 12:58:52,887 |     INFO | Epoch=915 done.
2022-05-10 12:59:34,527 |     INFO | Epoch=916 done.
2022-05-10 13:00:16,176 |     INFO | Epoch=917 done.
2022-05-10 13:00:57,719 |     INFO | Epoch=918 done.
2022-05-10 13:01:39,596 |     INFO | Epoch=919 done.
2022-05-10 13:02:21,295 |     INFO | Epoch=920 done.
2022-05-10 13:03:02,874 |     INFO | Epoch=921 done.
2022-05-10 13:03:44,598 |     INFO | Epoch=922 done.
2022-05-10 13:04:26,459 |     INFO | Epoch=923 done.
2022-05-10 13:05:08,030 |     INFO | Epoch=924 done.
2022-05-10 13:05:49,751 |     INFO | Epoch=925 done.
2022-05-10 13:06:31,311 |     INFO | Epoch=926 done.
2022-05-10 13:07:13,240 |     INFO | Epoch=927 done.
2022-05-10 13:07:54,929 |     INFO | Epoch=928 done.
2022-05-10 13:08:36,467 |     INFO | Epoch=929 done.
2022-05-10 13:09:18,155 |     INFO | Epoch=930 done.
2022-05-10 13:09:59,913 |     INFO | Epoch=931 done.
2022-05-10 13:10:41,563 |     INFO | Epoch=932 done.
2022-05-10 13:11:23,317 |     INFO | Epoch=933 done.
2022-05-10 13:12:04,889 |     INFO | Epoch=934 done.
2022-05-10 13:12:46,760 |     INFO | Epoch=935 done.
2022-05-10 13:13:28,481 |     INFO | Epoch=936 done.
2022-05-10 13:14:10,047 |     INFO | Epoch=937 done.
2022-05-10 13:14:51,754 |     INFO | Epoch=938 done.
2022-05-10 13:15:33,563 |     INFO | Epoch=939 done.
2022-05-10 13:16:15,248 |     INFO | Epoch=940 done.
2022-05-10 13:16:56,985 |     INFO | Epoch=941 done.
2022-05-10 13:17:38,523 |     INFO | Epoch=942 done.
2022-05-10 13:18:20,446 |     INFO | Epoch=943 done.
2022-05-10 13:19:02,096 |     INFO | Epoch=944 done.
2022-05-10 13:19:43,733 |     INFO | Epoch=945 done.
2022-05-10 13:20:25,477 |     INFO | Epoch=946 done.
2022-05-10 13:21:07,316 |     INFO | Epoch=947 done.
2022-05-10 13:21:48,986 |     INFO | Epoch=948 done.
2022-05-10 13:22:30,708 |     INFO | Epoch=949 done.
2022-05-10 13:23:12,302 |     INFO | Epoch=950 done.
2022-05-10 13:23:54,192 |     INFO | Epoch=951 done.
2022-05-10 13:24:35,920 |     INFO | Epoch=952 done.
2022-05-10 13:25:17,450 |     INFO | Epoch=953 done.
2022-05-10 13:25:59,223 |     INFO | Epoch=954 done.
2022-05-10 13:26:41,104 |     INFO | Epoch=955 done.
2022-05-10 13:27:22,705 |     INFO | Epoch=956 done.
2022-05-10 13:28:04,379 |     INFO | Epoch=957 done.
2022-05-10 13:28:46,002 |     INFO | Epoch=958 done.
2022-05-10 13:29:27,872 |     INFO | Epoch=959 done.
2022-05-10 13:30:09,621 |     INFO | Epoch=960 done.
2022-05-10 13:30:51,221 |     INFO | Epoch=961 done.
2022-05-10 13:31:32,966 |     INFO | Epoch=962 done.
2022-05-10 13:32:14,894 |     INFO | Epoch=963 done.
2022-05-10 13:32:56,453 |     INFO | Epoch=964 done.
2022-05-10 13:33:38,189 |     INFO | Epoch=965 done.
2022-05-10 13:34:19,872 |     INFO | Epoch=966 done.
2022-05-10 13:35:01,680 |     INFO | Epoch=967 done.
2022-05-10 13:35:43,404 |     INFO | Epoch=968 done.
2022-05-10 13:36:24,989 |     INFO | Epoch=969 done.
2022-05-10 13:37:06,714 |     INFO | Epoch=970 done.
2022-05-10 13:37:48,641 |     INFO | Epoch=971 done.
2022-05-10 13:38:30,247 |     INFO | Epoch=972 done.
2022-05-10 13:39:12,032 |     INFO | Epoch=973 done.
2022-05-10 13:39:53,784 |     INFO | Epoch=974 done.
2022-05-10 13:40:35,568 |     INFO | Epoch=975 done.
2022-05-10 13:41:17,331 |     INFO | Epoch=976 done.
2022-05-10 13:41:59,208 |     INFO | Epoch=977 done.
2022-05-10 13:42:40,833 |     INFO | Epoch=978 done.
2022-05-10 13:43:22,780 |     INFO | Epoch=979 done.
2022-05-10 13:44:04,422 |     INFO | Epoch=980 done.
2022-05-10 13:44:46,183 |     INFO | Epoch=981 done.
2022-05-10 13:45:27,821 |     INFO | Epoch=982 done.
2022-05-10 13:46:09,654 |     INFO | Epoch=983 done.
2022-05-10 13:46:51,426 |     INFO | Epoch=984 done.
2022-05-10 13:47:33,057 |     INFO | Epoch=985 done.
2022-05-10 13:48:14,813 |     INFO | Epoch=986 done.
2022-05-10 13:48:56,767 |     INFO | Epoch=987 done.
2022-05-10 13:49:38,308 |     INFO | Epoch=988 done.
2022-05-10 13:50:20,141 |     INFO | Epoch=989 done.
2022-05-10 13:51:01,912 |     INFO | Epoch=990 done.
2022-05-10 13:51:43,732 |     INFO | Epoch=991 done.
2022-05-10 13:52:25,496 |     INFO | Epoch=992 done.
2022-05-10 13:53:07,145 |     INFO | Epoch=993 done.
2022-05-10 13:53:48,952 |     INFO | Epoch=994 done.
2022-05-10 13:54:30,923 |     INFO | Epoch=995 done.
2022-05-10 13:55:12,503 |     INFO | Epoch=996 done.
2022-05-10 13:55:54,343 |     INFO | Epoch=997 done.
2022-05-10 13:56:36,019 |     INFO | Epoch=998 done.
2022-05-10 13:57:17,858 |     INFO | Epoch=999 done.
2022-05-10 13:57:19,448 |  WARNING | ./. already exists
2022-05-10 13:57:19,448 |  WARNING | ././out already exists
2022-05-10 13:57:19,448 |  WARNING | ././out/cluster_1000_gpu-10-05-2022-02-19-55 already exists
2022-05-10 13:57:19,450 |     INFO | Created folder ././out/cluster_1000_gpu-10-05-2022-02-19-55/net_eval
2022-05-10 13:57:19,805 |  WARNING | ./. already exists
2022-05-10 13:57:19,806 |  WARNING | ././out already exists
2022-05-10 13:57:19,806 |  WARNING | ././out/cluster_1000_gpu-10-05-2022-02-19-55 already exists
2022-05-10 13:57:19,806 |  WARNING | ././out/cluster_1000_gpu-10-05-2022-02-19-55/net_eval already exists
2022-05-10 13:57:19,991 |  WARNING | ./. already exists
2022-05-10 13:57:19,991 |  WARNING | ././out already exists
2022-05-10 13:57:19,991 |  WARNING | ././out/cluster_1000_gpu-10-05-2022-02-19-55 already exists
2022-05-10 13:57:19,992 |  WARNING | ././out/cluster_1000_gpu-10-05-2022-02-19-55/net_eval already exists
